âš¡ Running fast tests (enhanced runner)...
CI=1 uv run python scripts/run_targeted_tests.py --full-suite --disable-plugin-autoload --markers "not slow and not veryslow and not serial and not benchmark" --kexpr "not bug_reports and not manual_testing and not scripts and not architecture" --workers auto --timeout 90 || (echo "âŒ Some tests failed. Run 'make test-fast-verbose' for detailed output." && exit 1)
ğŸ” Discovering tests (slow tests excluded by markers, skipping slow phase)...
ğŸ” Discovering tests...
âš ï¸  Test discovery returned non-zero. Output may include plugin chatter.
ğŸ“‹ Discovered 572 tests
ğŸ§µ Parallel mode: 2 workers
â–¶ï¸ [1/572] START tests/test_managed_state.py
â–¶ï¸ [2/572] START tests/smoke/test_smoke.py
âœ… tests/smoke/test_smoke.py (2.07s) â€” PASS
â–¶ï¸ [3/572] START tests/test_types/test_outcome_guards.py
âœ… tests/test_managed_state.py (2.07s) â€” PASS
â–¶ï¸ [4/572] START tests/tracing/test_manager.py
âœ… tests/tracing/test_manager.py (2.20s) â€” PASS
â–¶ï¸ [5/572] START tests/unit/test_agent_pricing_exceptions.py
âœ… tests/test_types/test_outcome_guards.py (2.54s) â€” PASS
â–¶ï¸ [6/572] START tests/unit/test_serialization_properties.py
âœ… tests/unit/test_agent_pricing_exceptions.py (1.50s) â€” PASS
â–¶ï¸ [7/572] START tests/unit/test_state_manager_cache_key_parsing.py
âœ… tests/unit/test_state_manager_cache_key_parsing.py (4.12s) â€” PASS
â–¶ï¸ [8/572] START tests/unit/test_cli_parameter_integration.py
âœ… tests/unit/test_serialization_properties.py (6.93s) â€” PASS
â–¶ï¸ [9/572] START tests/unit/test_telemetry_redaction.py
âœ… tests/unit/test_telemetry_redaction.py (1.39s) â€” PASS
â–¶ï¸ [10/572] START tests/unit/test_prompt_formatter.py
âœ… tests/unit/test_cli_parameter_integration.py (4.80s) â€” PASS
â–¶ï¸ [11/572] START tests/unit/test_schema_migration_robustness.py
âœ… tests/unit/test_schema_migration_robustness.py (1.08s) â€” PASS
â–¶ï¸ [12/572] START tests/unit/test_override_agent.py
âœ… tests/unit/test_prompt_formatter.py (2.88s) â€” PASS
â–¶ï¸ [13/572] START tests/unit/test_lens_event_rendering.py
âœ… tests/unit/test_lens_event_rendering.py (1.39s) â€” PASS
â–¶ï¸ [14/572] START tests/unit/test_cache_scope_after_loop.py
âœ… tests/unit/test_cache_scope_after_loop.py (1.49s) â€” PASS
â–¶ï¸ [15/572] START tests/unit/test_builtins.py
âœ… tests/unit/test_override_agent.py (2.93s) â€” PASS
â–¶ï¸ [16/572] START tests/unit/test_default_backend.py
âœ… tests/unit/test_default_backend.py (1.54s) â€” PASS
â–¶ï¸ [17/572] START tests/unit/test_hooks_typed.py
âœ… tests/unit/test_hooks_typed.py (1.64s) â€” PASS
â–¶ï¸ [18/572] START tests/unit/test_context_update_allows_none.py
âœ… tests/unit/test_context_update_allows_none.py (1.57s) â€” PASS
â–¶ï¸ [19/572] START tests/unit/test_agent_execution_runner_unwraps_agent_result.py
âœ… tests/unit/test_builtins.py (5.01s) â€” PASS
â–¶ï¸ [20/572] START tests/unit/test_utils_settings.py
âœ… tests/unit/test_agent_execution_runner_unwraps_agent_result.py (1.41s) â€” PASS
â–¶ï¸ [21/572] START tests/unit/test_history_manager.py
âœ… tests/unit/test_utils_settings.py (1.45s) â€” PASS
â–¶ï¸ [22/572] START tests/unit/test_yaml_state_machine_imports_resolution.py
âœ… tests/unit/test_yaml_state_machine_imports_resolution.py (1.32s) â€” PASS
â–¶ï¸ [23/572] START tests/unit/test_factories_parameter_validation.py
âœ… tests/unit/test_history_manager.py (2.51s) â€” PASS
â–¶ï¸ [24/572] START tests/unit/test_runner_shadow_eval_run_level.py
âœ… tests/unit/test_runner_shadow_eval_run_level.py (1.39s) â€” PASS
â–¶ï¸ [25/572] START tests/unit/test_shadow_evaluator.py
âœ… tests/unit/test_factories_parameter_validation.py (4.46s) â€” PASS
â–¶ï¸ [26/572] START tests/unit/test_project_root_helpers.py
âœ… tests/unit/test_shadow_evaluator.py (3.32s) â€” PASS
â–¶ï¸ [27/572] START tests/unit/test_import_step_outputs_semantics.py
âœ… tests/unit/test_project_root_helpers.py (3.68s) â€” PASS
â–¶ï¸ [28/572] START tests/unit/test_loop_step_executor_context.py
âœ… tests/unit/test_import_step_outputs_semantics.py (2.55s) â€” PASS
â–¶ï¸ [29/572] START tests/unit/test_safe_log_shutdown.py
âœ… tests/unit/test_safe_log_shutdown.py (1.64s) â€” PASS
â–¶ï¸ [30/572] START tests/unit/test_dummy_remote_backend.py
âœ… tests/unit/test_loop_step_executor_context.py (1.92s) â€” PASS
â–¶ï¸ [31/572] START tests/unit/test_conditional_policy_contract.py
âœ… tests/unit/test_conditional_policy_contract.py (1.67s) â€” PASS
â–¶ï¸ [32/572] START tests/unit/test_monitor_integration.py
âœ… tests/unit/test_dummy_remote_backend.py (4.13s) â€” PASS
â–¶ï¸ [33/572] START tests/unit/test_hitl_yaml_support.py
âœ… tests/unit/test_monitor_integration.py (2.94s) â€” PASS
â–¶ï¸ [34/572] START tests/unit/test_cache_yaml_support.py
âœ… tests/unit/test_hitl_yaml_support.py (1.78s) â€” PASS
â–¶ï¸ [35/572] START tests/unit/test_executor_components.py
âœ… tests/unit/test_cache_yaml_support.py (1.69s) â€” PASS
â–¶ï¸ [36/572] START tests/unit/test_bug_regression.py
âœ… tests/unit/test_bug_regression.py (1.00s) â€” PASS
â–¶ï¸ [37/572] START tests/unit/test_welcome_agent.py
âœ… tests/unit/test_welcome_agent.py (1.92s) â€” PASS
â–¶ï¸ [38/572] START tests/unit/test_parallel_reduce.py
âœ… tests/unit/test_parallel_reduce.py (2.65s) â€” PASS
â–¶ï¸ [39/572] START tests/unit/test_evaluators.py
âœ… tests/unit/test_executor_components.py (7.58s) â€” PASS
â–¶ï¸ [40/572] START tests/unit/test_fail_fast_nested_hitl.py
âœ… tests/unit/test_fail_fast_nested_hitl.py (1.73s) â€” PASS
â–¶ï¸ [41/572] START tests/unit/test_run_session.py
âœ… tests/unit/test_evaluators.py (3.65s) â€” PASS
â–¶ï¸ [42/572] START tests/unit/test_architect_builder.py
âœ… tests/unit/test_architect_builder.py (1.60s) â€” PASS
â–¶ï¸ [43/572] START tests/unit/test_serialization_core.py
âœ… tests/unit/test_run_session.py (2.38s) â€” PASS
â–¶ï¸ [44/572] START tests/unit/test_replay_executor.py
âœ… tests/unit/test_replay_executor.py (2.01s) â€” PASS
â–¶ï¸ [45/572] START tests/unit/test_skill_registry_governance_wrapper.py
âœ… tests/unit/test_serialization_core.py (2.48s) â€” PASS
â–¶ï¸ [46/572] START tests/unit/test_validation.py
âœ… tests/unit/test_skill_registry_governance_wrapper.py (1.91s) â€” PASS
â–¶ï¸ [47/572] START tests/unit/test_types_compatible_generics.py
âœ… tests/unit/test_validation.py (4.24s) â€” PASS
â–¶ï¸ [48/572] START tests/unit/test_serialization_edge_cases.py
âœ… tests/unit/test_types_compatible_generics.py (3.09s) â€” PASS
â–¶ï¸ [49/572] START tests/unit/test_domain_models.py
âœ… tests/unit/test_domain_models.py (2.70s) â€” PASS
â–¶ï¸ [50/572] START tests/unit/test_conditional_step.py
âœ… tests/unit/test_serialization_edge_cases.py (6.31s) â€” PASS
â–¶ï¸ [51/572] START tests/unit/test_plugins.py
âœ… tests/unit/test_plugins.py (1.72s) â€” PASS
â–¶ï¸ [52/572] START tests/unit/test_cache_step.py
âœ… tests/unit/test_conditional_step.py (5.74s) â€” PASS
â–¶ï¸ [53/572] START tests/unit/test_pipeline_visualization.py
âœ… tests/unit/test_pipeline_visualization.py (3.73s) â€” PASS
â–¶ï¸ [54/572] START tests/unit/test_openapi_agent_generator.py
âœ… tests/unit/test_openapi_agent_generator.py (3.95s) â€” PASS
â–¶ï¸ [55/572] START tests/unit/test_template_fallbacks.py
âœ… tests/unit/test_template_fallbacks.py (2.34s) â€” PASS
â–¶ï¸ [56/572] START tests/unit/test_template_strict_mode_regressions.py
âœ… tests/unit/test_template_strict_mode_regressions.py (5.07s) â€” PASS
â–¶ï¸ [57/572] START tests/unit/test_tracing.py
âœ… tests/unit/test_tracing.py (1.57s) â€” PASS
â–¶ï¸ [58/572] START tests/unit/test_otel_hook.py
âœ… tests/unit/test_cache_step.py (18.19s) â€” PASS
â–¶ï¸ [59/572] START tests/unit/test_temperature.py
âœ… tests/unit/test_otel_hook.py (1.41s) â€” PASS
â–¶ï¸ [60/572] START tests/unit/test_state_providers_integration.py
âœ… tests/unit/test_temperature.py (3.75s) â€” PASS
â–¶ï¸ [61/572] START tests/unit/test_blueprint_import_default_deny.py
âœ… tests/unit/test_blueprint_import_default_deny.py (1.42s) â€” PASS
â–¶ï¸ [62/572] START tests/unit/test_parallel_infinite_quota.py
âœ… tests/unit/test_parallel_infinite_quota.py (1.78s) â€” PASS
â–¶ï¸ [63/572] START tests/unit/test_cli_init.py
âœ… tests/unit/test_state_providers_integration.py (6.30s) â€” PASS
â–¶ï¸ [64/572] START tests/unit/test_blueprint_compiler_gpt5.py
âœ… tests/unit/test_blueprint_compiler_gpt5.py (1.32s) â€” PASS
â–¶ï¸ [65/572] START tests/unit/test_state_serializer.py
âœ… tests/unit/test_cli_init.py (2.41s) â€” PASS
â–¶ï¸ [66/572] START tests/unit/test_loop_step_policy.py
âœ… tests/unit/test_state_serializer.py (3.46s) â€” PASS
â–¶ï¸ [67/572] START tests/unit/test_import_input_precedence.py
âœ… tests/unit/test_loop_step_policy.py (2.60s) â€” PASS
â–¶ï¸ [68/572] START tests/unit/test_import_step_policy.py
âœ… tests/unit/test_import_step_policy.py (1.42s) â€” PASS
â–¶ï¸ [69/572] START tests/unit/test_self_improvement_agent.py
âœ… tests/unit/test_import_input_precedence.py (1.83s) â€” PASS
â–¶ï¸ [70/572] START tests/unit/test_parallel_imports.py
âœ… tests/unit/test_parallel_imports.py (1.44s) â€” PASS
â–¶ï¸ [71/572] START tests/unit/test_governance_policy.py
âœ… tests/unit/test_self_improvement_agent.py (1.99s) â€” PASS
â–¶ï¸ [72/572] START tests/unit/test_pipeline_context.py
âœ… tests/unit/test_pipeline_context.py (3.10s) â€” PASS
â–¶ï¸ [73/572] START tests/unit/test_model_utils.py
âœ… tests/unit/test_governance_policy.py (3.72s) â€” PASS
â–¶ï¸ [74/572] START tests/unit/test_execution_manager.py
âœ… tests/unit/test_model_utils.py (8.07s) â€” PASS
â–¶ï¸ [75/572] START tests/unit/test_sqlite_fault_tolerance.py
âœ… tests/unit/test_execution_manager.py (7.76s) â€” PASS
â–¶ï¸ [76/572] START tests/unit/test_domain_interfaces.py
âœ… tests/unit/test_sqlite_fault_tolerance.py (0.95s) â€” PASS
â–¶ï¸ [77/572] START tests/unit/test_async_bridge.py
âœ… tests/unit/test_domain_interfaces.py (1.53s) â€” PASS
â–¶ï¸ [78/572] START tests/unit/test_outcomes_utils.py
âœ… tests/unit/test_outcomes_utils.py (1.62s) â€” PASS
â–¶ï¸ [79/572] START tests/unit/test_sqlite_backup_fix.py
âœ… tests/unit/test_sqlite_backup_fix.py (0.96s) â€” PASS
â–¶ï¸ [80/572] START tests/unit/test_embeddings.py
âœ… tests/unit/test_async_bridge.py (3.96s) â€” PASS
â–¶ï¸ [81/572] START tests/unit/test_usage_estimator.py
âœ… tests/unit/test_usage_estimator.py (2.51s) â€” PASS
â–¶ï¸ [82/572] START tests/unit/test_vector_store_postgres.py
âœ… tests/unit/test_vector_store_postgres.py (0.96s) â€” PASS
â–¶ï¸ [83/572] START tests/unit/test_hitl_nesting_failfast.py
âœ… tests/unit/test_hitl_nesting_failfast.py (1.77s) â€” PASS
â–¶ï¸ [84/572] START tests/unit/test_compiler_name_propagation.py
âœ… tests/unit/test_compiler_name_propagation.py (1.87s) â€” PASS
â–¶ï¸ [85/572] START tests/unit/test_hitl_loader_dumper_extras.py
âœ… tests/unit/test_embeddings.py (8.97s) â€” PASS
â–¶ï¸ [86/572] START tests/unit/test_sqlite_observability.py
âœ… tests/unit/test_hitl_loader_dumper_extras.py (1.93s) â€” PASS
â–¶ï¸ [87/572] START tests/unit/test_auto_repair.py
âœ… tests/unit/test_sqlite_observability.py (0.98s) â€” PASS
â–¶ï¸ [88/572] START tests/unit/test_persistence_edge_cases.py
âœ… tests/unit/test_persistence_edge_cases.py (0.98s) â€” PASS
â–¶ï¸ [89/572] START tests/unit/test_adapter_step.py
âœ… tests/unit/test_auto_repair.py (3.10s) â€” PASS
â–¶ï¸ [90/572] START tests/unit/test_signature_tools.py
âœ… tests/unit/test_adapter_step.py (2.60s) â€” PASS
â–¶ï¸ [91/572] START tests/unit/test_hydration_manager_parallel.py
âœ… tests/unit/test_hydration_manager_parallel.py (2.36s) â€” PASS
â–¶ï¸ [92/572] START tests/unit/test_pydantic_context_merging.py
âœ… tests/unit/test_signature_tools.py (4.50s) â€” PASS
â–¶ï¸ [93/572] START tests/unit/test_pipeline_visualization_detail_levels.py
âœ… tests/unit/test_pydantic_context_merging.py (4.74s) â€” PASS
â–¶ï¸ [94/572] START tests/unit/test_dsl.py
âœ… tests/unit/test_pipeline_visualization_detail_levels.py (4.56s) â€” PASS
â–¶ï¸ [95/572] START tests/unit/test_parallel_step_strategies.py
âœ… tests/unit/test_parallel_step_strategies.py (5.80s) â€” PASS
â–¶ï¸ [96/572] START tests/unit/test_utils_properties.py
âœ… tests/unit/test_dsl.py (7.62s) â€” PASS
â–¶ï¸ [97/572] START tests/unit/test_quota_race_condition.py
âœ… tests/unit/test_utils_properties.py (1.76s) â€” PASS
â–¶ï¸ [98/572] START tests/unit/test_sqlite_edge_cases.py
âœ… tests/unit/test_quota_race_condition.py (1.36s) â€” PASS
â–¶ï¸ [99/572] START tests/unit/test_cost_tracking.py
âœ… tests/unit/test_sqlite_edge_cases.py (1.01s) â€” PASS
â–¶ï¸ [100/572] START tests/unit/test_map_step_refactoring.py
âœ… tests/unit/test_map_step_refactoring.py (3.97s) â€” PASS
â–¶ï¸ [101/572] START tests/unit/test_registry_abuse.py
âœ… tests/unit/test_registry_abuse.py (1.58s) â€” PASS
â–¶ï¸ [102/572] START tests/unit/test_framework_schema_skill.py
âœ… tests/unit/test_framework_schema_skill.py (1.28s) â€” PASS
â–¶ï¸ [103/572] START tests/unit/test_persistence_performance.py
âœ… tests/unit/test_persistence_performance.py (1.05s) â€” PASS
â–¶ï¸ [104/572] START tests/unit/test_lens_cli.py
âœ… tests/unit/test_lens_cli.py (1.07s) â€” PASS
â–¶ï¸ [105/572] START tests/unit/test_agentic_loop_logging.py
âœ… tests/unit/test_agentic_loop_logging.py (6.24s) â€” PASS
â–¶ï¸ [106/572] START tests/unit/test_agent_strict_pricing.py
âœ… tests/unit/test_agent_strict_pricing.py (1.57s) â€” PASS
â–¶ï¸ [107/572] START tests/unit/test_testing_utils.py
âœ… tests/unit/test_cost_tracking.py (26.42s) â€” PASS
â–¶ï¸ [108/572] START tests/unit/test_code_interpreter_skill.py
âœ… tests/unit/test_code_interpreter_skill.py (2.17s) â€” PASS
â–¶ï¸ [109/572] START tests/unit/test_vector_store_sqlite.py
âœ… tests/unit/test_testing_utils.py (11.35s) â€” PASS
â–¶ï¸ [110/572] START tests/unit/test_yaml_imports_outputs_semantics.py
âœ… tests/unit/test_vector_store_sqlite.py (1.65s) â€” PASS
â–¶ï¸ [111/572] START tests/unit/test_sql_injection_security.py
âœ… tests/unit/test_yaml_imports_outputs_semantics.py (1.91s) â€” PASS
â–¶ï¸ [112/572] START tests/unit/test_yaml_loader_state_machine.py
âœ… tests/unit/test_yaml_loader_state_machine.py (1.37s) â€” PASS
â–¶ï¸ [113/572] START tests/unit/test_conditional_step_policy.py
âœ… tests/unit/test_sql_injection_security.py (3.75s) â€” PASS
â–¶ï¸ [114/572] START tests/unit/test_typed_context_enforcement.py
âœ… tests/unit/test_conditional_step_policy.py (2.13s) â€” PASS
â–¶ï¸ [115/572] START tests/unit/test_docker_sandbox_import.py
âœ… tests/unit/test_docker_sandbox_import.py (1.38s) â€” PASS
â–¶ï¸ [116/572] START tests/unit/test_scoring.py
âœ… tests/unit/test_typed_context_enforcement.py (1.82s) â€” PASS
â–¶ï¸ [117/572] START tests/unit/test_remote_sandbox.py
âœ… tests/unit/test_remote_sandbox.py (2.20s) â€” PASS
â–¶ï¸ [118/572] START tests/unit/test_orchestrator_typing.py
âœ… tests/unit/test_orchestrator_typing.py (1.54s) â€” PASS
â–¶ï¸ [119/572] START tests/unit/test_replay_agent.py
âœ… tests/unit/test_replay_agent.py (1.61s) â€” PASS
â–¶ï¸ [120/572] START tests/unit/test_learnable_estimator.py
âœ… tests/unit/test_scoring.py (5.91s) â€” PASS
â–¶ï¸ [121/572] START tests/unit/test_repair_yaml_ruamel.py
âœ… tests/unit/test_learnable_estimator.py (1.32s) â€” PASS
â–¶ï¸ [122/572] START tests/unit/test_docker_sandbox.py
âœ… tests/unit/test_repair_yaml_ruamel.py (1.57s) â€” PASS
â–¶ï¸ [123/572] START tests/unit/test_fallback_edge_cases.py
âœ… tests/unit/test_docker_sandbox.py (3.20s) â€” PASS
â–¶ï¸ [124/572] START tests/unit/test_cli_performance_edge_cases.py
âœ… tests/unit/test_cli_performance_edge_cases.py (1.05s) â€” PASS
â–¶ï¸ [125/572] START tests/unit/test_testing_utils_extended.py
âœ… tests/unit/test_fallback_edge_cases.py (5.57s) â€” PASS
â–¶ï¸ [126/572] START tests/unit/test_postgres_step_atomicity.py
âœ… tests/unit/test_postgres_step_atomicity.py (1.33s) â€” PASS
â–¶ï¸ [127/572] START tests/unit/test_import_step_on_failure_semantics.py
âœ… tests/unit/test_import_step_on_failure_semantics.py (1.52s) â€” PASS
â–¶ï¸ [128/572] START tests/unit/test_builtins_context_helpers.py
âœ… tests/unit/test_testing_utils_extended.py (6.55s) â€” PASS
â–¶ï¸ [129/572] START tests/unit/test_context_manager.py
âœ… tests/unit/test_context_manager.py (1.02s) â€” PASS
â–¶ï¸ [130/572] START tests/unit/test_state_machine_transitions_policy.py
âœ… tests/unit/test_builtins_context_helpers.py (4.32s) â€” PASS
â–¶ï¸ [131/572] START tests/unit/test_conditional_bool_policy.py
âœ… tests/unit/test_state_machine_transitions_policy.py (3.48s) â€” PASS
â–¶ï¸ [132/572] START tests/unit/test_fallback_loop_detection.py
âœ… tests/unit/test_conditional_bool_policy.py (1.89s) â€” PASS
â–¶ï¸ [133/572] START tests/unit/test_execution_backend.py
âœ… tests/unit/test_execution_backend.py (1.51s) â€” PASS
â–¶ï¸ [134/572] START tests/unit/test_config_precedence.py
âœ… tests/unit/test_config_precedence.py (1.53s) â€” PASS
â–¶ï¸ [135/572] START tests/unit/test_pipeline_property.py
âœ… tests/unit/test_pipeline_property.py (1.03s) â€” PASS
â–¶ï¸ [136/572] START tests/unit/test_inline_pipeline_dicts_in_branches.py
âœ… tests/unit/test_inline_pipeline_dicts_in_branches.py (1.66s) â€” PASS
â–¶ï¸ [137/572] START tests/unit/test_blueprint_prompt_template.py
âœ… tests/unit/test_fallback_loop_detection.py (6.34s) â€” PASS
â–¶ï¸ [138/572] START tests/unit/test_dynamic_router.py
âœ… tests/unit/test_blueprint_prompt_template.py (1.38s) â€” PASS
â–¶ï¸ [139/572] START tests/unit/test_escape_marker_fix.py
âœ… tests/unit/test_dynamic_router.py (4.72s) â€” PASS
â–¶ï¸ [140/572] START tests/unit/test_serialization_utilities.py
âœ… tests/unit/test_escape_marker_fix.py (6.46s) â€” PASS
â–¶ï¸ [141/572] START tests/unit/test_integration_quota_propagation.py
âœ… tests/unit/test_integration_quota_propagation.py (1.84s) â€” PASS
â–¶ï¸ [142/572] START tests/unit/test_granular_blob_store.py
âœ… tests/unit/test_granular_blob_store.py (5.33s) â€” PASS
â–¶ï¸ [143/572] START tests/unit/test_performance.py
âœ… tests/unit/test_serialization_utilities.py (13.48s) â€” PASS
â–¶ï¸ [144/572] START tests/unit/test_executor_core_parallel_migration.py
âœ… tests/unit/test_executor_core_parallel_migration.py (2.68s) â€” PASS
â–¶ï¸ [145/572] START tests/unit/test_sqlite_backend_robustness.py
âœ… tests/unit/test_sqlite_backend_robustness.py (0.88s) â€” PASS
â–¶ï¸ [146/572] START tests/unit/test_hitl_dump_load_stability.py
âœ… tests/unit/test_performance.py (8.26s) â€” PASS
â–¶ï¸ [147/572] START tests/unit/test_granular_step_policy.py
âœ… tests/unit/test_hitl_dump_load_stability.py (1.24s) â€” PASS
â–¶ï¸ [148/572] START tests/unit/test_yaml_dynamic_router.py
âœ… tests/unit/test_yaml_dynamic_router.py (1.33s) â€” PASS
â–¶ï¸ [149/572] START tests/unit/test_file_sqlite_backends.py
âœ… tests/unit/test_file_sqlite_backends.py (0.93s) â€” PASS
â–¶ï¸ [150/572] START tests/unit/test_executor_core_di.py
âœ… tests/unit/test_granular_step_policy.py (3.28s) â€” PASS
â–¶ï¸ [151/572] START tests/unit/test_resource_context_management.py
âœ… tests/unit/test_executor_core_di.py (2.14s) â€” PASS
â–¶ï¸ [152/572] START tests/unit/test_blueprint_compiler_order.py
âœ… tests/unit/test_resource_context_management.py (2.49s) â€” PASS
â–¶ï¸ [153/572] START tests/unit/test_context_merge_conflicts.py
âœ… tests/unit/test_blueprint_compiler_order.py (1.64s) â€” PASS
â–¶ï¸ [154/572] START tests/unit/test_conversation_processor.py
âœ… tests/unit/test_context_merge_conflicts.py (2.11s) â€” PASS
â–¶ï¸ [155/572] START tests/unit/test_yaml_loop_mappers.py
âœ… tests/unit/test_conversation_processor.py (2.49s) â€” PASS
â–¶ï¸ [156/572] START tests/unit/test_pipeline_validation.py
âœ… tests/unit/test_yaml_loop_mappers.py (3.39s) â€” PASS
â–¶ï¸ [157/572] START tests/unit/test_conversation_finish_skip.py
âœ… tests/unit/test_pipeline_validation.py (2.51s) â€” PASS
â–¶ï¸ [158/572] START tests/unit/test_step_outputs_migration.py
âœ… tests/unit/test_conversation_finish_skip.py (1.67s) â€” PASS
â–¶ï¸ [159/572] START tests/unit/test_signature_injection.py
âœ… tests/unit/test_step_outputs_migration.py (1.69s) â€” PASS
â–¶ï¸ [160/572] START tests/unit/test_ultra_executor_cumulative_limits.py
âœ… tests/unit/test_signature_injection.py (2.19s) â€” PASS
â–¶ï¸ [161/572] START tests/unit/test_sqlite_retry_mechanism.py
âœ… tests/unit/test_ultra_executor_cumulative_limits.py (2.79s) â€” PASS
â–¶ï¸ [162/572] START tests/unit/test_blueprint_name_and_execution_results.py
âœ… tests/unit/test_sqlite_retry_mechanism.py (0.98s) â€” PASS
â–¶ï¸ [163/572] START tests/unit/test_state_backend_manager.py
âœ… tests/unit/test_blueprint_name_and_execution_results.py (2.11s) â€” PASS
â–¶ï¸ [164/572] START tests/unit/test_context_strategies.py
âœ… tests/unit/test_state_backend_manager.py (2.13s) â€” PASS
â–¶ï¸ [165/572] START tests/unit/test_fallback.py
âœ… tests/unit/test_context_strategies.py (1.87s) â€” PASS
â–¶ï¸ [166/572] START tests/unit/test_hitl_complex_schema_dump_load.py
âœ… tests/unit/test_hitl_complex_schema_dump_load.py (1.32s) â€” PASS
â–¶ï¸ [167/572] START tests/unit/test_context_retrieve_memory.py
âœ… tests/unit/test_fallback.py (3.65s) â€” PASS
â–¶ï¸ [168/572] START tests/unit/test_context_adapter_type_resolution.py
âœ… tests/unit/test_context_retrieve_memory.py (1.82s) â€” PASS
â–¶ï¸ [169/572] START tests/unit/test_dynamic_router_step_policy.py
âœ… tests/unit/test_dynamic_router_step_policy.py (2.10s) â€” PASS
â–¶ï¸ [170/572] START tests/unit/test_resume_orchestrator.py
âœ… tests/unit/test_resume_orchestrator.py (1.93s) â€” PASS
â–¶ï¸ [171/572] START tests/unit/test_prometheus_collector.py
âœ… tests/unit/test_prometheus_collector.py (1.24s) â€” PASS
â–¶ï¸ [172/572] START tests/unit/test_model_generator_array_primitives.py
âœ… tests/unit/test_context_adapter_type_resolution.py (7.67s) â€” PASS
â–¶ï¸ [173/572] START tests/unit/test_cost_mock_safety.py
âœ… tests/unit/test_model_generator_array_primitives.py (1.62s) â€” PASS
â–¶ï¸ [174/572] START tests/unit/test_parallel_step_executor_context.py
âœ… tests/unit/test_cost_mock_safety.py (1.89s) â€” PASS
â–¶ï¸ [175/572] START tests/unit/test_domain_interfaces_injection.py
âœ… tests/unit/test_parallel_step_executor_context.py (1.87s) â€” PASS
â–¶ï¸ [176/572] START tests/unit/test_cli_display_run_id.py
âœ… tests/unit/test_cli_display_run_id.py (1.65s) â€” PASS
â–¶ï¸ [177/572] START tests/unit/test_simple_step_policy.py
âœ… tests/unit/test_domain_interfaces_injection.py (2.34s) â€” PASS
â–¶ï¸ [178/572] START tests/unit/test_model_generator_array_objects.py
âœ… tests/unit/test_model_generator_array_objects.py (1.31s) â€” PASS
â–¶ï¸ [179/572] START tests/unit/test_as_step.py
âœ… tests/unit/test_as_step.py (1.72s) â€” PASS
â–¶ï¸ [180/572] START tests/unit/test_cli_config_backend.py
âœ… tests/unit/test_simple_step_policy.py (4.54s) â€” PASS
â–¶ï¸ [181/572] START tests/unit/test_blueprint_loader.py
âœ… tests/unit/test_cli_config_backend.py (1.97s) â€” PASS
â–¶ï¸ [182/572] START tests/unit/test_sqlite_trace_persistence.py
âœ… tests/unit/test_sqlite_trace_persistence.py (1.02s) â€” PASS
â–¶ï¸ [183/572] START tests/unit/test_slot_synthesis.py
âœ… tests/unit/test_slot_synthesis.py (1.30s) â€” PASS
â–¶ï¸ [184/572] START tests/unit/test_quota_mode.py
âœ… tests/unit/test_blueprint_loader.py (3.40s) â€” PASS
â–¶ï¸ [185/572] START tests/unit/test_executor_core_clear_cache_sync.py
âœ… tests/unit/test_executor_core_clear_cache_sync.py (1.74s) â€” PASS
â–¶ï¸ [186/572] START tests/unit/test_error_messages.py
âœ… tests/unit/test_quota_mode.py (1.86s) â€” PASS
â–¶ï¸ [187/572] START tests/unit/test_estimator_config_overrides.py
âœ… tests/unit/test_estimator_config_overrides.py (1.34s) â€” PASS
â–¶ï¸ [188/572] START tests/unit/test_programmatic_entrypoint.py
âœ… tests/unit/test_error_messages.py (2.47s) â€” PASS
â–¶ï¸ [189/572] START tests/unit/test_agent_step_policy.py
âœ… tests/unit/test_programmatic_entrypoint.py (3.14s) â€” PASS
â–¶ï¸ [190/572] START tests/unit/test_telemetry_robustness.py
âœ… tests/unit/test_agent_step_policy.py (2.48s) â€” PASS
â–¶ï¸ [191/572] START tests/unit/test_factories.py
âœ… tests/unit/test_telemetry_robustness.py (4.17s) â€” PASS
â–¶ï¸ [192/572] START tests/unit/test_streaming_protocol.py
âœ… tests/unit/test_factories.py (4.57s) â€” PASS
â–¶ï¸ [193/572] START tests/unit/test_sandbox_interface.py
âœ… tests/unit/test_streaming_protocol.py (2.48s) â€” PASS
â–¶ï¸ [194/572] START tests/unit/test_trace_persistence_serialization.py
âœ… tests/unit/test_sandbox_interface.py (2.70s) â€” PASS
â–¶ï¸ [195/572] START tests/unit/test_state_manager_fallback_serialization.py
âœ… tests/unit/test_trace_persistence_serialization.py (1.34s) â€” PASS
â–¶ï¸ [196/572] START tests/unit/test_safe_deserialize_roundtrip.py
âœ… tests/unit/test_safe_deserialize_roundtrip.py (1.59s) â€” PASS
â–¶ï¸ [197/572] START tests/unit/test_model_generator_array_enum_items.py
âœ… tests/unit/test_state_manager_fallback_serialization.py (2.15s) â€” PASS
â–¶ï¸ [198/572] START tests/unit/test_parallel_step_robustness.py
âœ… tests/unit/test_parallel_step_robustness.py (0.89s) â€” PASS
â–¶ï¸ [199/572] START tests/unit/test_extract.py
âœ… tests/unit/test_model_generator_array_enum_items.py (1.27s) â€” PASS
â–¶ï¸ [200/572] START tests/unit/test_streaming_bytes_bug.py
âŒ tests/unit/test_streaming_bytes_bug.py (1.49s) â€” FAIL
   ğŸ’¡ FAILED tests/unit/test_streaming_bytes_bug.py::TestStreamingBytesBug::test_text_streaming_agent_protocol - AttributeError: 'ExecutorCore' object has no attribute 'execute_step'
!!!!!!!!!!!!!!!!!!!!!!!!!! stopping after 1 failures !!!!!!!!!!!!!!!!!!!!!!!!!!!
â–¶ï¸ [201/572] START tests/unit/test_ci_compatibility.py
âœ… tests/unit/test_ci_compatibility.py (4.54s) â€” PASS
â–¶ï¸ [202/572] START tests/unit/test_jinja_sandbox.py
âœ… tests/unit/test_extract.py (6.74s) â€” PASS
â–¶ï¸ [203/572] START tests/unit/test_parallel_context_merge.py
âœ… tests/unit/test_jinja_sandbox.py (1.53s) â€” PASS
â–¶ï¸ [204/572] START tests/unit/test_trace_integration.py
âœ… tests/unit/test_parallel_context_merge.py (1.32s) â€” PASS
â–¶ï¸ [205/572] START tests/unit/test_sqlite_fuzzing.py
âœ… tests/unit/test_trace_integration.py (1.02s) â€” PASS
â–¶ï¸ [206/572] START tests/unit/test_context_aware_protocol.py
âœ… tests/unit/test_sqlite_fuzzing.py (0.99s) â€” PASS
â–¶ï¸ [207/572] START tests/unit/test_postgres_backend_shutdown.py
âœ… tests/unit/test_postgres_backend_shutdown.py (1.30s) â€” PASS
â–¶ï¸ [208/572] START tests/unit/test_cli.py
âœ… tests/unit/test_context_aware_protocol.py (1.77s) â€” PASS
â–¶ï¸ [209/572] START tests/unit/test_telemetry.py
âœ… tests/unit/test_telemetry.py (4.18s) â€” PASS
â–¶ï¸ [210/572] START tests/unit/test_state_backend.py
âœ… tests/unit/test_state_backend.py (1.57s) â€” PASS
â–¶ï¸ [211/572] START tests/unit/test_import_hitl_and_input_routing.py
âœ… tests/unit/test_import_hitl_and_input_routing.py (2.52s) â€” PASS
â–¶ï¸ [212/572] START tests/unit/test_loop_step.py
âœ… tests/unit/test_loop_step.py (2.09s) â€” PASS
â–¶ï¸ [213/572] START tests/unit/test_parallel_step_policy.py
âœ… tests/unit/test_cli.py (12.30s) â€” PASS
â–¶ï¸ [214/572] START tests/unit/test_cli_import_openapi.py
âœ… tests/unit/test_parallel_step_policy.py (3.01s) â€” PASS
â–¶ï¸ [215/572] START tests/unit/test_memory_interface.py
âœ… tests/unit/test_cli_import_openapi.py (2.21s) â€” PASS
â–¶ï¸ [216/572] START tests/unit/test_parameter_passing.py
âœ… tests/unit/test_parameter_passing.py (1.92s) â€” PASS
â–¶ï¸ [217/572] START tests/unit/test_reconstruction_logic.py
âœ… tests/unit/test_memory_interface.py (3.01s) â€” PASS
â–¶ï¸ [218/572] START tests/unit/test_framework_registry.py
âœ… tests/unit/test_framework_registry.py (1.37s) â€” PASS
â–¶ï¸ [219/572] START tests/unit/test_summary_aggregation_nested_pipeline.py
âœ… tests/unit/test_summary_aggregation_nested_pipeline.py (1.95s) â€” PASS
â–¶ï¸ [220/572] START tests/unit/test_templated_agent_wrapper.py
âœ… tests/unit/test_reconstruction_logic.py (3.45s) â€” PASS
â–¶ï¸ [221/572] START tests/unit/test_pipeline_registry.py
âœ… tests/unit/test_templated_agent_wrapper.py (1.30s) â€” PASS
â–¶ï¸ [222/572] START tests/unit/test_tracing_manager.py
âœ… tests/unit/test_pipeline_registry.py (1.87s) â€” PASS
â–¶ï¸ [223/572] START tests/unit/test_sqlite_backend_traces.py
âœ… tests/unit/test_tracing_manager.py (1.65s) â€” PASS
â–¶ï¸ [224/572] START tests/unit/test_state_machine_policy_executor.py
âœ… tests/unit/test_sqlite_backend_traces.py (0.99s) â€” PASS
â–¶ï¸ [225/572] START tests/unit/test_conditional_step_executor_context.py
âœ… tests/unit/test_conditional_step_executor_context.py (1.37s) â€” PASS
â–¶ï¸ [226/572] START tests/unit/test_ultra_executor.py
âœ… tests/unit/test_state_machine_policy_executor.py (1.96s) â€” PASS
â–¶ï¸ [227/572] START tests/unit/test_blueprint_prompt_from_file.py
âœ… tests/unit/test_blueprint_prompt_from_file.py (2.24s) â€” PASS
â–¶ï¸ [228/572] START tests/unit/test_agents.py
âŒ tests/unit/test_ultra_executor.py (7.42s) â€” FAIL
   ğŸ’¡ FAILED tests/unit/test_ultra_executor.py::TestBackwardCompatibility::test_execute_step_signature - AttributeError: 'ExecutorCore' object has no attribute 'execute_step'
!!!!!!!!!!!!!!!!!!!!!!!!!! stopping after 1 failures !!!!!!!!!!!!!!!!!!!!!!!!!!!
â–¶ï¸ [229/572] START tests/unit/test_settings.py
âœ… tests/unit/test_settings.py (3.31s) â€” PASS
â–¶ï¸ [230/572] START tests/unit/test_cli_config.py
âŒ tests/unit/test_cli_config.py (3.63s) â€” FAIL
   ğŸ’¡ FAILED tests/unit/test_cli_config.py::TestConfigWarning::test_warning_displayed_when_no_env_and_no_config - assert "[flujo.config] FLUJO_STATE_URI not set, using default 'sqlite:///flujo_ops.db'" in ''
 +  where '' = <_pytest.logging.LogCaptureFixture object at 0x10d2c38c0>.text
!!!!!!!!!!!!!!!!!!!!!!!!!! stopping after 1 failures !!!!!!!!!!!!!!!!!!!!!!!!!!!
â–¶ï¸ [231/572] START tests/unit/test_config_manager.py
âœ… tests/unit/test_agents.py (12.68s) â€” PASS
â–¶ï¸ [232/572] START tests/evals/test_behavioral_golden.py
âœ… tests/unit/test_config_manager.py (8.20s) â€” PASS
â–¶ï¸ [233/572] START tests/evals/test_isolation_behavior.py
âœ… tests/evals/test_behavioral_golden.py (7.90s) â€” PASS
â–¶ï¸ [234/572] START tests/infra/test_budget_resolver.py
âœ… tests/evals/test_isolation_behavior.py (2.45s) â€” PASS
â–¶ï¸ [235/572] START tests/blueprints/test_model_generator.py
âœ… tests/infra/test_budget_resolver.py (2.13s) â€” PASS
â–¶ï¸ [236/572] START tests/blueprints/test_blueprint_validation.py
âœ… tests/blueprints/test_model_generator.py (1.61s) â€” PASS
â–¶ï¸ [237/572] START tests/robustness/test_configuration_robustness.py
âœ… tests/robustness/test_configuration_robustness.py (1.04s) â€” PASS
â–¶ï¸ [238/572] START tests/robustness/test_error_recovery.py
âœ… tests/blueprints/test_blueprint_validation.py (2.17s) â€” PASS
â–¶ï¸ [239/572] START tests/robustness/test_performance_regression.py
âœ… tests/robustness/test_performance_regression.py (0.97s) â€” PASS
â–¶ï¸ [240/572] START tests/robustness/test_concurrency_safety.py
âœ… tests/robustness/test_error_recovery.py (0.99s) â€” PASS
â–¶ï¸ [241/572] START tests/robustness/test_memory_leak_detection.py
âœ… tests/robustness/test_concurrency_safety.py (0.92s) â€” PASS
â–¶ï¸ [242/572] START tests/security/test_file_backend_security.py
âœ… tests/robustness/test_memory_leak_detection.py (0.92s) â€” PASS
â–¶ï¸ [243/572] START tests/security/test_prompt_injection.py
âœ… tests/security/test_prompt_injection.py (2.22s) â€” PASS
â–¶ï¸ [244/572] START tests/security/test_sql_injection_prevention.py
âœ… tests/security/test_file_backend_security.py (5.32s) â€” PASS
â–¶ï¸ [245/572] START tests/security/test_state_deserialization.py
âœ… tests/security/test_state_deserialization.py (1.33s) â€” PASS
â–¶ï¸ [246/572] START tests/integration/test_console_tracer_depth.py
âœ… tests/security/test_sql_injection_prevention.py (5.30s) â€” PASS
â–¶ï¸ [247/572] START tests/integration/test_evals_adapter.py
âœ… tests/integration/test_console_tracer_depth.py (2.25s) â€” PASS
â–¶ï¸ [248/572] START tests/integration/test_flujo_patterns_real_llm.py
âœ… tests/integration/test_evals_adapter.py (1.60s) â€” PASS
â–¶ï¸ [249/572] START tests/integration/test_stateful_hitl.py
âœ… tests/integration/test_flujo_patterns_real_llm.py (0.88s) â€” PASS
â–¶ï¸ [250/572] START tests/integration/test_cost_tracking_bug_fixes.py
âœ… tests/integration/test_stateful_hitl.py (0.96s) â€” PASS
â–¶ï¸ [251/572] START tests/integration/test_cache_integration.py
âœ… tests/integration/test_cache_integration.py (1.80s) â€” PASS
â–¶ï¸ [252/572] START tests/integration/test_processors.py
âœ… tests/integration/test_cost_tracking_bug_fixes.py (5.07s) â€” PASS
â–¶ï¸ [253/572] START tests/integration/test_conversational_loop_basic.py
âœ… tests/integration/test_processors.py (3.04s) â€” PASS
â–¶ï¸ [254/572] START tests/integration/test_sqlite_backend_edge_cases.py
âœ… tests/integration/test_conversational_loop_basic.py (1.07s) â€” PASS
â–¶ï¸ [255/572] START tests/integration/test_agentic_loop_recipe.py
âœ… tests/integration/test_sqlite_backend_edge_cases.py (1.01s) â€” PASS
â–¶ï¸ [256/572] START tests/integration/test_state_roundtrip.py
âœ… tests/integration/test_state_roundtrip.py (1.62s) â€” PASS
â–¶ï¸ [257/572] START tests/integration/test_silent_context_modification_fix.py
âœ… tests/integration/test_agentic_loop_recipe.py (3.26s) â€” PASS
â–¶ï¸ [258/572] START tests/integration/test_error_recovery_with_context_updates.py
âœ… tests/integration/test_silent_context_modification_fix.py (3.20s) â€” PASS
â–¶ï¸ [259/572] START tests/integration/test_hitl_integration.py
âœ… tests/integration/test_error_recovery_with_context_updates.py (3.11s) â€” PASS
â–¶ï¸ [260/572] START tests/integration/test_cost_tracking_mock.py
âœ… tests/integration/test_hitl_integration.py (4.04s) â€” PASS
â–¶ï¸ [261/572] START tests/integration/test_pipeline_runner.py
âœ… tests/integration/test_cost_tracking_mock.py (2.65s) â€” PASS
â–¶ï¸ [262/572] START tests/integration/test_crash_recovery.py
âœ… tests/integration/test_crash_recovery.py (2.60s) â€” PASS
â–¶ï¸ [263/572] START tests/integration/test_conditional_step_logic_migration.py
âœ… tests/integration/test_pipeline_runner.py (5.52s) â€” PASS
â–¶ï¸ [264/572] START tests/integration/test_yaml_blueprint.py
âœ… tests/integration/test_conditional_step_logic_migration.py (4.16s) â€” PASS
â–¶ï¸ [265/572] START tests/integration/test_pydantic_ai_compatibility.py
âœ… tests/integration/test_pydantic_ai_compatibility.py (1.83s) â€” PASS
â–¶ï¸ [266/572] START tests/integration/test_stateful_runner.py
âœ… tests/integration/test_yaml_blueprint.py (3.70s) â€” PASS
â–¶ï¸ [267/572] START tests/integration/test_nested_dsl_constructs.py
âœ… tests/integration/test_stateful_runner.py (2.86s) â€” PASS
â–¶ï¸ [268/572] START tests/integration/test_hitl_step_migration_integration.py
âœ… tests/integration/test_nested_dsl_constructs.py (3.44s) â€” PASS
â–¶ï¸ [269/572] START tests/integration/test_hitl_sink_to.py
âœ… tests/integration/test_hitl_sink_to.py (2.19s) â€” PASS
â–¶ï¸ [270/572] START tests/integration/test_cli_skills_autoload.py
âœ… tests/integration/test_hitl_step_migration_integration.py (4.50s) â€” PASS
â–¶ï¸ [271/572] START tests/integration/test_yaml_template_fallbacks.py
âœ… tests/integration/test_cli_skills_autoload.py (1.81s) â€” PASS
â–¶ï¸ [272/572] START tests/integration/test_streaming_pipeline.py
âœ… tests/integration/test_yaml_template_fallbacks.py (1.53s) â€” PASS
â–¶ï¸ [273/572] START tests/integration/test_usage_limits_enforcement.py
âœ… tests/integration/test_streaming_pipeline.py (2.47s) â€” PASS
â–¶ï¸ [274/572] START tests/integration/test_configuration_integration.py
âœ… tests/integration/test_configuration_integration.py (3.31s) â€” PASS
â–¶ï¸ [275/572] START tests/integration/test_budget_in_runner.py
âœ… tests/integration/test_budget_in_runner.py (2.25s) â€” PASS
â–¶ï¸ [276/572] START tests/integration/test_redirect_loop_unhashable.py
âœ… tests/integration/test_usage_limits_enforcement.py (7.62s) â€” PASS
â–¶ï¸ [277/572] START tests/integration/test_trace_complete_flow.py
âœ… tests/integration/test_redirect_loop_unhashable.py (1.59s) â€” PASS
â–¶ï¸ [278/572] START tests/integration/test_hitl_branch_schemas.py
âœ… tests/integration/test_trace_complete_flow.py (2.22s) â€” PASS
â–¶ï¸ [279/572] START tests/integration/test_caching_and_fallbacks.py
âœ… tests/integration/test_hitl_branch_schemas.py (1.86s) â€” PASS
â–¶ï¸ [280/572] START tests/integration/test_sqlite_concurrency_edge_cases.py
âœ… tests/integration/test_sqlite_concurrency_edge_cases.py (0.95s) â€” PASS
â–¶ï¸ [281/572] START tests/integration/test_embedding_regression.py
âœ… tests/integration/test_caching_and_fallbacks.py (3.41s) â€” PASS
â–¶ï¸ [282/572] START tests/integration/test_conversational_loop_ai_turn_variants.py
âœ… tests/integration/test_conversational_loop_ai_turn_variants.py (0.95s) â€” PASS
â–¶ï¸ [283/572] START tests/integration/test_legacy_cleanup_validation.py
âœ… tests/integration/test_embedding_regression.py (2.75s) â€” PASS
â–¶ï¸ [284/572] START tests/integration/test_persistence_backends.py
âœ… tests/integration/test_persistence_backends.py (3.21s) â€” PASS
â–¶ï¸ [285/572] START tests/integration/test_resilience_features.py
âŒ tests/integration/test_legacy_cleanup_validation.py (3.90s) â€” FAIL
   ğŸ’¡ FAILED tests/integration/test_legacy_cleanup_validation.py::TestRemainingFunctionPreservation::test_run_step_logic_preservation - AttributeError: 'ExecutorCore' object has no attribute 'execute_step'
!!!!!!!!!!!!!!!!!!!!!!!!!! stopping after 1 failures !!!!!!!!!!!!!!!!!!!!!!!!!!!
â–¶ï¸ [286/572] START tests/integration/test_parallel_merge_conflicts.py
âœ… tests/integration/test_resilience_features.py (1.91s) â€” PASS
â–¶ï¸ [287/572] START tests/integration/test_executor_core_loop_conditional_migration.py
âœ… tests/integration/test_parallel_merge_conflicts.py (1.83s) â€” PASS
â–¶ï¸ [288/572] START tests/integration/test_usage_limits_persistence.py
âœ… tests/integration/test_executor_core_loop_conditional_migration.py (0.95s) â€” PASS
â–¶ï¸ [289/572] START tests/integration/test_pipeline_runner_with_resources.py
âœ… tests/integration/test_usage_limits_persistence.py (1.59s) â€” PASS
â–¶ï¸ [290/572] START tests/integration/test_background_execution.py
âœ… tests/integration/test_pipeline_runner_with_resources.py (2.52s) â€” PASS
â–¶ï¸ [291/572] START tests/integration/test_cli_run.py
âœ… tests/integration/test_cli_run.py (3.49s) â€” PASS
â–¶ï¸ [292/572] START tests/integration/test_conversational_loop_parallel.py
âœ… tests/integration/test_background_execution.py (5.35s) â€” PASS
â–¶ï¸ [293/572] START tests/integration/test_async_runner_detection.py
âœ… tests/integration/test_conversational_loop_parallel.py (0.97s) â€” PASS
â–¶ï¸ [294/572] START tests/integration/test_loop_context_update_regression.py
âœ… tests/integration/test_async_runner_detection.py (2.38s) â€” PASS
â–¶ï¸ [295/572] START tests/integration/test_hitl_trace_resume_event.py
âœ… tests/integration/test_hitl_trace_resume_event.py (0.95s) â€” PASS
â–¶ï¸ [296/572] START tests/integration/test_background_resumability.py
âœ… tests/integration/test_loop_context_update_regression.py (3.62s) â€” PASS
â–¶ï¸ [297/572] START tests/integration/test_otel_integration.py
âœ… tests/integration/test_background_resumability.py (0.94s) â€” PASS
â–¶ï¸ [298/572] START tests/integration/test_strict_validation.py
âœ… tests/integration/test_otel_integration.py (1.51s) â€” PASS
â–¶ï¸ [299/572] START tests/integration/test_pipeline_finalization_safety.py
âœ… tests/integration/test_strict_validation.py (2.04s) â€” PASS
â–¶ï¸ [300/572] START tests/integration/test_pipeline_composition.py
âœ… tests/integration/test_pipeline_finalization_safety.py (2.00s) â€” PASS
â–¶ï¸ [301/572] START tests/integration/test_refine_until_with_context_updates.py
âœ… tests/integration/test_pipeline_composition.py (3.20s) â€” PASS
â–¶ï¸ [302/572] START tests/integration/test_task_client.py
âœ… tests/integration/test_refine_until_with_context_updates.py (3.06s) â€” PASS
â–¶ï¸ [303/572] START tests/integration/test_conversation_sqlite_pause_resume.py
âœ… tests/integration/test_task_client.py (1.78s) â€” PASS
â–¶ï¸ [304/572] START tests/integration/test_yaml_loop_mappers_integration.py
âœ… tests/integration/test_conversation_sqlite_pause_resume.py (0.94s) â€” PASS
â–¶ï¸ [305/572] START tests/integration/test_settings_validation.py
âœ… tests/integration/test_settings_validation.py (1.24s) â€” PASS
â–¶ï¸ [306/572] START tests/integration/test_refine_until.py
âœ… tests/integration/test_yaml_loop_mappers_integration.py (2.12s) â€” PASS
â–¶ï¸ [307/572] START tests/integration/test_yaml_import_step_config.py
âœ… tests/integration/test_yaml_import_step_config.py (1.59s) â€” PASS
â–¶ï¸ [308/572] START tests/integration/test_FSD11_bug_fix.py
âœ… tests/integration/test_refine_until.py (2.52s) â€” PASS
â–¶ï¸ [309/572] START tests/integration/test_statemachine_builtins.py
âœ… tests/integration/test_statemachine_builtins.py (2.73s) â€” PASS
â–¶ï¸ [310/572] START tests/integration/test_granular_execution.py
âœ… tests/integration/test_FSD11_bug_fix.py (4.40s) â€” PASS
â–¶ï¸ [311/572] START tests/integration/test_conversation_persistence.py
âœ… tests/integration/test_conversation_persistence.py (0.90s) â€” PASS
â–¶ï¸ [312/572] START tests/integration/test_prometheus_server.py
âœ… tests/integration/test_prometheus_server.py (0.91s) â€” PASS
â–¶ï¸ [313/572] START tests/integration/test_hitl_sink_to_nested.py
âœ… tests/integration/test_granular_execution.py (3.24s) â€” PASS
â–¶ï¸ [314/572] START tests/integration/test_hitl_pipeline.py
âœ… tests/integration/test_hitl_sink_to_nested.py (0.94s) â€” PASS
â–¶ï¸ [315/572] START tests/integration/test_dynamic_parallel_router_with_context_updates.py
âœ… tests/integration/test_hitl_pipeline.py (3.48s) â€” PASS
â–¶ï¸ [316/572] START tests/integration/test_state_machine_integration.py
âœ… tests/integration/test_state_machine_integration.py (1.75s) â€” PASS
â–¶ï¸ [317/572] START tests/integration/test_map_over_with_context_updates.py
âœ… tests/integration/test_dynamic_parallel_router_with_context_updates.py (4.45s) â€” PASS
â–¶ï¸ [318/572] START tests/integration/test_conversational_loop_nested.py
âœ… tests/integration/test_conversational_loop_nested.py (0.83s) â€” PASS
â–¶ï¸ [319/572] START tests/integration/test_executor_core_fallback_integration.py
âœ… tests/integration/test_executor_core_fallback_integration.py (0.90s) â€” PASS
â–¶ï¸ [320/572] START tests/integration/test_orchestrator_sync.py
âœ… tests/integration/test_orchestrator_sync.py (1.53s) â€” PASS
â–¶ï¸ [321/572] START tests/integration/test_custom_step_extension.py
âœ… tests/integration/test_map_over_with_context_updates.py (3.42s) â€” PASS
â–¶ï¸ [322/572] START tests/integration/test_hitl_resume_input.py
âœ… tests/integration/test_hitl_resume_input.py (0.92s) â€” PASS
â–¶ï¸ [323/572] START tests/integration/test_unified_error_handling.py
âœ… tests/integration/test_custom_step_extension.py (1.58s) â€” PASS
â–¶ï¸ [324/572] START tests/integration/test_granular_real_llm.py
âŒ tests/integration/test_unified_error_handling.py (1.56s) â€” FAIL
   ğŸ’¡ FAILED tests/integration/test_unified_error_handling.py::test_simple_step_returns_stepresult_on_failure - AttributeError: 'ExecutorCore' object has no attribute 'execute_step'
!!!!!!!!!!!!!!!!!!!!!!!!!! stopping after 1 failures !!!!!!!!!!!!!!!!!!!!!!!!!!!
â–¶ï¸ [325/572] START tests/integration/test_hybrid_validation.py
âœ… tests/integration/test_granular_real_llm.py (0.95s) â€” PASS
â–¶ï¸ [326/572] START tests/integration/test_conditional_step_execution.py
âœ… tests/integration/test_hybrid_validation.py (2.67s) â€” PASS
â–¶ï¸ [327/572] START tests/integration/test_executor_core_architecture_validation.py
âœ… tests/integration/test_executor_core_architecture_validation.py (0.90s) â€” PASS
â–¶ï¸ [328/572] START tests/integration/test_state_machine_imports_run.py
âœ… tests/integration/test_state_machine_imports_run.py (0.90s) â€” PASS
â–¶ï¸ [329/572] START tests/integration/test_hitl_loop_resume_fix.py
âœ… tests/integration/test_hitl_loop_resume_fix.py (0.87s) â€” PASS
â–¶ï¸ [330/572] START tests/integration/test_as_step_state_persistence.py
âœ… tests/integration/test_conditional_step_execution.py (6.81s) â€” PASS
â–¶ï¸ [331/572] START tests/integration/test_sqlite_filesystem_edge_cases.py
âœ… tests/integration/test_sqlite_filesystem_edge_cases.py (0.93s) â€” PASS
â–¶ï¸ [332/572] START tests/integration/test_embedding_cost_integration.py
âœ… tests/integration/test_as_step_state_persistence.py (2.49s) â€” PASS
â–¶ï¸ [333/572] START tests/integration/test_conditional_with_context_updates.py
âœ… tests/integration/test_conditional_with_context_updates.py (2.99s) â€” PASS
â–¶ï¸ [334/572] START tests/integration/test_loop_step_execution.py
âœ… tests/integration/test_embedding_cost_integration.py (3.29s) â€” PASS
â–¶ï¸ [335/572] START tests/integration/test_cli_mermaid.py
âœ… tests/integration/test_cli_mermaid.py (1.41s) â€” PASS
â–¶ï¸ [336/572] START tests/integration/test_as_step_composition.py
âœ… tests/integration/test_as_step_composition.py (4.05s) â€” PASS
â–¶ï¸ [337/572] START tests/integration/test_fsd_12_tracing_complete.py
âœ… tests/integration/test_fsd_12_tracing_complete.py (0.86s) â€” PASS
â–¶ï¸ [338/572] START tests/integration/test_default_recipe.py
âœ… tests/integration/test_loop_step_execution.py (6.94s) â€” PASS
â–¶ï¸ [339/572] START tests/integration/test_imports_no_circular.py
âœ… tests/integration/test_default_recipe.py (1.48s) â€” PASS
â–¶ï¸ [340/572] START tests/integration/test_parallel_usage_governor_stress.py
âœ… tests/integration/test_parallel_usage_governor_stress.py (0.96s) â€” PASS
â–¶ï¸ [341/572] START tests/integration/test_explicit_cost_integration.py
âœ… tests/integration/test_imports_no_circular.py (2.46s) â€” PASS
â–¶ï¸ [342/572] START tests/integration/test_cli_run_loop_json.py
âœ… tests/integration/test_cli_run_loop_json.py (1.67s) â€” PASS
â–¶ï¸ [343/572] START tests/integration/test_local_tracer.py
âœ… tests/integration/test_explicit_cost_integration.py (3.75s) â€” PASS
â–¶ï¸ [344/572] START tests/integration/test_cli_wizard_explain.py
âœ… tests/integration/test_local_tracer.py (2.35s) â€” PASS
â–¶ï¸ [345/572] START tests/integration/test_nested_pause.py
âœ… tests/integration/test_cli_wizard_explain.py (1.96s) â€” PASS
â–¶ï¸ [346/572] START tests/integration/test_adapter_allowlist_enforcement.py
âœ… tests/integration/test_nested_pause.py (1.76s) â€” PASS
â–¶ï¸ [347/572] START tests/integration/test_replay_agent_non_hitl.py
âœ… tests/integration/test_replay_agent_non_hitl.py (0.93s) â€” PASS
â–¶ï¸ [348/572] START tests/integration/test_dynamic_router_with_context_updates.py
âœ… tests/integration/test_adapter_allowlist_enforcement.py (1.91s) â€” PASS
â–¶ï¸ [349/572] START tests/integration/test_yaml_loop_declarative.py
âœ… tests/integration/test_yaml_loop_declarative.py (1.55s) â€” PASS
â–¶ï¸ [350/572] START tests/integration/test_yaml_conditional_expression_methods.py
âœ… tests/integration/test_dynamic_router_with_context_updates.py (3.73s) â€” PASS
â–¶ï¸ [351/572] START tests/integration/test_execution_backend_protocol.py
âœ… tests/integration/test_yaml_conditional_expression_methods.py (1.82s) â€” PASS
â–¶ï¸ [352/572] START tests/integration/test_sqlite_backup_edge_cases.py
âœ… tests/integration/test_sqlite_backup_edge_cases.py (0.89s) â€” PASS
â–¶ï¸ [353/572] START tests/integration/test_performance_with_context_updates.py
âœ… tests/integration/test_execution_backend_protocol.py (1.59s) â€” PASS
â–¶ï¸ [354/572] START tests/integration/test_conversational_loop_hitl_pause.py
âœ… tests/integration/test_conversational_loop_hitl_pause.py (0.94s) â€” PASS
â–¶ï¸ [355/572] START tests/integration/test_mock_output_handling.py
âœ… tests/integration/test_performance_with_context_updates.py (3.56s) â€” PASS
â–¶ï¸ [356/572] START tests/integration/test_cache_with_context_updates.py
âœ… tests/integration/test_mock_output_handling.py (2.41s) â€” PASS
â–¶ï¸ [357/572] START tests/integration/test_conversational_loop_nested_hitl.py
âœ… tests/integration/test_conversational_loop_nested_hitl.py (1.52s) â€” PASS
â–¶ï¸ [358/572] START tests/integration/test_pipeline_hooks.py
âœ… tests/integration/test_cache_with_context_updates.py (3.03s) â€” PASS
â–¶ï¸ [359/572] START tests/integration/test_cost_tracking_real_agent.py
âœ… tests/integration/test_cost_tracking_real_agent.py (1.83s) â€” PASS
â–¶ï¸ [360/572] START tests/integration/test_hitl_with_context_updates.py
âœ… tests/integration/test_pipeline_hooks.py (4.13s) â€” PASS
â–¶ï¸ [361/572] START tests/integration/test_pipeline_versioning.py
âœ… tests/integration/test_pipeline_versioning.py (1.49s) â€” PASS
â–¶ï¸ [362/572] START tests/integration/test_reconstruction_integration.py
âœ… tests/integration/test_hitl_with_context_updates.py (2.94s) â€” PASS
â–¶ï¸ [363/572] START tests/integration/test_parallel_step.py
âœ… tests/integration/test_reconstruction_integration.py (2.96s) â€” PASS
â–¶ï¸ [364/572] START tests/integration/test_usage_governor.py
âœ… tests/integration/test_parallel_step.py (4.51s) â€” PASS
â–¶ï¸ [365/572] START tests/integration/test_pipeline_runner_with_context.py
âœ… tests/integration/test_pipeline_runner_with_context.py (2.07s) â€” PASS
â–¶ï¸ [366/572] START tests/integration/test_hitl_pause_persistence.py
âœ… tests/integration/test_usage_governor.py (4.84s) â€” PASS
â–¶ï¸ [367/572] START tests/integration/test_imports_skills_isolation.py
âœ… tests/integration/test_hitl_pause_persistence.py (1.49s) â€” PASS
â–¶ï¸ [368/572] START tests/integration/test_postgres_backend.py
âœ… tests/integration/test_postgres_backend.py (0.92s) â€” PASS
â–¶ï¸ [369/572] START tests/integration/test_context_injection.py
âœ… tests/integration/test_imports_skills_isolation.py (1.57s) â€” PASS
â–¶ï¸ [370/572] START tests/integration/test_outcomes_backend_path.py
âœ… tests/integration/test_outcomes_backend_path.py (1.70s) â€” PASS
â–¶ï¸ [371/572] START tests/integration/test_self_improvement.py
âœ… tests/integration/test_context_injection.py (3.27s) â€” PASS
â–¶ï¸ [372/572] START tests/integration/test_pipeline_context_updates.py
âœ… tests/integration/test_self_improvement.py (2.18s) â€” PASS
â–¶ï¸ [373/572] START tests/integration/test_validation_persistence.py
âœ… tests/integration/test_validation_persistence.py (1.73s) â€” PASS
â–¶ï¸ [374/572] START tests/integration/test_simple_outcome_backend_path.py
âœ… tests/integration/test_pipeline_context_updates.py (2.92s) â€” PASS
â–¶ï¸ [375/572] START tests/integration/test_dynamic_router_bug_fix.py
âœ… tests/integration/test_simple_outcome_backend_path.py (1.47s) â€” PASS
â–¶ï¸ [376/572] START tests/integration/test_externalized_prompt_cli.py
âœ… tests/integration/test_dynamic_router_bug_fix.py (2.67s) â€” PASS
â–¶ï¸ [377/572] START tests/integration/test_map_declarative.py
âœ… tests/integration/test_externalized_prompt_cli.py (2.59s) â€” PASS
â–¶ï¸ [378/572] START tests/integration/test_image_cost_integration.py
âœ… tests/integration/test_map_declarative.py (1.53s) â€” PASS
â–¶ï¸ [379/572] START tests/integration/test_cost_tracking_critical_bugs.py
âœ… tests/integration/test_image_cost_integration.py (3.25s) â€” PASS
â–¶ï¸ [380/572] START tests/integration/test_cost_tracking_integration.py
âœ… tests/integration/test_cost_tracking_critical_bugs.py (4.91s) â€” PASS
â–¶ï¸ [381/572] START tests/integration/test_yaml_sink_to.py
âœ… tests/integration/test_cost_tracking_integration.py (3.78s) â€” PASS
â–¶ï¸ [382/572] START tests/integration/test_hitl_branches.py
âœ… tests/integration/test_yaml_sink_to.py (1.52s) â€” PASS
â–¶ï¸ [383/572] START tests/integration/test_parallel_step_enhancements.py
âœ… tests/integration/test_hitl_branches.py (1.85s) â€” PASS
â–¶ï¸ [384/572] START tests/integration/test_import_step_nested_hitl_pause_resume.py
âœ… tests/integration/test_import_step_nested_hitl_pause_resume.py (1.50s) â€” PASS
â–¶ï¸ [385/572] START tests/integration/test_map_over_step.py
âœ… tests/integration/test_parallel_step_enhancements.py (4.78s) â€” PASS
â–¶ï¸ [386/572] START tests/static_analysis/test_forbid_explicit_any.py
âœ… tests/static_analysis/test_forbid_explicit_any.py (1.37s) â€” PASS
â–¶ï¸ [387/572] START tests/utils/test_serialization_registry.py
âœ… tests/integration/test_map_over_step.py (2.99s) â€” PASS
â–¶ï¸ [388/572] START tests/utils/test_safe_serialize_comprehensive.py
âœ… tests/utils/test_serialization_registry.py (4.29s) â€” PASS
â–¶ï¸ [389/572] START tests/cli/test_validate_sarif_rule_metadata.py
âœ… tests/cli/test_validate_sarif_rule_metadata.py (2.19s) â€” PASS
â–¶ï¸ [390/572] START tests/cli/test_validate_formatters_and_baseline.py
âœ… tests/utils/test_safe_serialize_comprehensive.py (8.87s) â€” PASS
â–¶ï¸ [391/572] START tests/cli/test_misc_cli.py
âœ… tests/cli/test_misc_cli.py (2.24s) â€” PASS
â–¶ï¸ [392/572] START tests/cli/test_create_debug.py
âœ… tests/cli/test_create_debug.py (1.63s) â€” PASS
â–¶ï¸ [393/572] START tests/cli/test_validate_requires_project.py
âœ… tests/cli/test_validate_requires_project.py (2.18s) â€” PASS
â–¶ï¸ [394/572] START tests/cli/test_create_project_conversation.py
âœ… tests/cli/test_create_project_conversation.py (1.40s) â€” PASS
â–¶ï¸ [395/572] START tests/cli/test_project_journey.py
âœ… tests/cli/test_validate_formatters_and_baseline.py (11.77s) â€” PASS
â–¶ï¸ [396/572] START tests/cli/test_lens_from_file_and_replay.py
âœ… tests/cli/test_project_journey.py (2.71s) â€” PASS
â–¶ï¸ [397/572] START tests/cli/test_validate_fixer_vt3.py
âœ… tests/cli/test_lens_from_file_and_replay.py (3.41s) â€” PASS
â–¶ï¸ [398/572] START tests/cli/test_run_resource_ownership.py
âœ… tests/cli/test_run_resource_ownership.py (1.53s) â€” PASS
â–¶ï¸ [399/572] START tests/cli/test_zero_config_and_credentials.py
âœ… tests/cli/test_validate_fixer_vt3.py (4.03s) â€” PASS
â–¶ï¸ [400/572] START tests/cli/test_validate_fixer_vc2.py
âœ… tests/cli/test_zero_config_and_credentials.py (2.24s) â€” PASS
â–¶ï¸ [401/572] START tests/cli/test_status.py
âœ… tests/cli/test_validate_fixer_vc2.py (4.07s) â€” PASS
â–¶ï¸ [402/572] START tests/cli/test_validate_phase1.py
âœ… tests/cli/test_validate_phase1.py (4.96s) â€” PASS
â–¶ï¸ [403/572] START tests/cli/test_cli_piped_input.py
âœ… tests/cli/test_status.py (7.96s) â€” PASS
â–¶ï¸ [404/572] START tests/cli/test_validate_fixer_vt1.py
âœ… tests/cli/test_cli_piped_input.py (4.16s) â€” PASS
â–¶ï¸ [405/572] START tests/cli/test_smoke_solve_bench_improve.py
âœ… tests/cli/test_validate_fixer_vt1.py (3.20s) â€” PASS
â–¶ï¸ [406/572] START tests/cli/test_help_snapshots.py
âŒ tests/cli/test_help_snapshots.py (1.19s) â€” FAIL
   ğŸ’¡ FAILED tests/cli/test_help_snapshots.py::test_top_level_help_semantics - assert '--install-completion' in "\n Usage: root [OPTIONS] COMMAND [ARGS]...\n\n A project-based server to build, run, and debug Flujo AI\n workflows.\n\n Common Commands:\n\n  â€¢ init / demo: scaffold a project or a demo\n  â€¢ run: run the current project's pipeline (YAML or\n    Python)\n  â€¢ validate: validate a pipeline file\n  â€¢ lens: inspect past runs (list, show, trace,\n    from-file)\n  â€¢ dev: developer tools (version, show-config, validate,\n    visualize, budgets)\n\n Debugging Flags for run:\n\n  â€¢ --debug: step-by-step trace tree (safe previews)\n  â€¢ --trace-preview-len N: preview size for\n    prompts/responses\n  â€¢ --debug-prompts: include full prompts/responses in\n    trace (unsafe)\n  â€¢ --debug-export PATH: write full debug JSON (trace +\n    steps + context). If omitted with --debug,\n    auto-writes to ./debug/<timestamp>_<run_id>.json.\n\n Visualization Flags for run:\n\n  â€¢ --live/--progress: live step panels (compact)\n  â€¢ --summary: only final output, totals, and run id\n  â€¢ --no-steps / --no-context: hide table/context\n  â€¢ --output-preview-len N: trim table outputs (default\n    100)\n  â€¢ --final-output-format: auto|raw|json|yaml|md\n  â€¢ --pager: page long output in terminal\n\n Project Ro...nâ•­â”€ Commands â”€â”€â”€â”€â”€â”€â”€â”€â”€â”€â”€â”€â”€â”€â”€â”€â”€â”€â”€â”€â”€â”€â”€â”€â”€â”€â”€â”€â”€â”€â”€â”€â”€â”€â”€â”€â”€â”€â”€â”€â”€â”€â”€â”€â”€â•®\nâ”‚ run        ğŸš€ Run the workflow in the current project. â”‚\nâ”‚ status     Show provider readiness and SQLite state    â”‚\nâ”‚            configuration.                              â”‚\nâ”‚ migrate    Apply database migrations for the state     â”‚\nâ”‚            backend.                                    â”‚\nâ”‚ validate   âœ… Validate the project's pipeline.yaml     â”‚\nâ”‚            file.                                       â”‚\nâ”‚ init       Initialize a new Flujo project in the       â”‚\nâ”‚            current directory.                          â”‚\nâ”‚ demo       Create a demo Flujo project in the current  â”‚\nâ”‚            directory.                                  â”‚\nâ”‚ create     ğŸ¤– Start a conversation with the AI         â”‚\nâ”‚            Architect to build your workflow.           â”‚\nâ”‚ lens       ğŸ” Inspect, debug, and trace past workflow  â”‚\nâ”‚            runs.                                       â”‚\nâ”‚ dev        ğŸ› ï¸  Access advanced developer and diagnostic â”‚\nâ”‚            tools (e.g., version, show-config,          â”‚\nâ”‚            visualize).                                 â”‚\nâ•°â”€â”€â”€â”€â”€â”€â”€â”€â”€â”€â”€â”€â”€â”€â”€â”€â”€â”€â”€â”€â”€â”€â”€â”€â”€â”€â”€â”€â”€â”€â”€â”€â”€â”€â”€â”€â”€â”€â”€â”€â”€â”€â”€â”€â”€â”€â”€â”€â”€â”€â”€â”€â”€â”€â”€â”€â•¯\n"
!!!!!!!!!!!!!!!!!!!!!!!!!! stopping after 1 failures !!!!!!!!!!!!!!!!!!!!!!!!!!!
â–¶ï¸ [407/572] START tests/cli/test_new_cli_additions.py
âœ… tests/cli/test_smoke_solve_bench_improve.py (1.92s) â€” PASS
â–¶ï¸ [408/572] START tests/cli/test_blueprints.py
âœ… tests/cli/test_blueprints.py (3.47s) â€” PASS
â–¶ï¸ [409/572] START tests/cli/test_create.py
âœ… tests/cli/test_create.py (1.99s) â€” PASS
â–¶ï¸ [410/572] START tests/cli/test_architect_hitl.py
âœ… tests/cli/test_architect_hitl.py (0.99s) â€” PASS
â–¶ï¸ [411/572] START tests/cli/test_create_resource_ownership.py
âœ… tests/cli/test_create_resource_ownership.py (1.35s) â€” PASS
â–¶ï¸ [412/572] START tests/cli/test_validate_json_telemetry_and_dry_run.py
âœ… tests/cli/test_new_cli_additions.py (10.98s) â€” PASS
â–¶ï¸ [413/572] START tests/cli/test_architect_self_correction.py
âœ… tests/cli/test_architect_self_correction.py (1.01s) â€” PASS
â–¶ï¸ [414/572] START tests/cli/test_main.py
âœ… tests/cli/test_validate_json_telemetry_and_dry_run.py (5.54s) â€” PASS
â–¶ï¸ [415/572] START tests/cli/test_create_sanitizer.py
âœ… tests/cli/test_create_sanitizer.py (2.29s) â€” PASS
â–¶ï¸ [416/572] START tests/cli/test_architect_gpt5_settings.py
âœ… tests/cli/test_architect_gpt5_settings.py (4.68s) â€” PASS
â–¶ï¸ [417/572] START tests/cli/test_architect_integration.py
âœ… tests/cli/test_architect_integration.py (1.00s) â€” PASS
â–¶ï¸ [418/572] START tests/cli/test_scaffold_overwrite_reporting.py
âœ… tests/cli/test_scaffold_overwrite_reporting.py (1.30s) â€” PASS
â–¶ï¸ [419/572] START tests/cli/test_run_visualization_flags.py
âœ… tests/cli/test_run_visualization_flags.py (3.86s) â€” PASS
â–¶ï¸ [420/572] START tests/state/test_sqlite_migration.py
âœ… tests/cli/test_main.py (15.12s) â€” PASS
â–¶ï¸ [421/572] START tests/state/test_sqlite_async_bridge.py
âœ… tests/state/test_sqlite_migration.py (1.36s) â€” PASS
â–¶ï¸ [422/572] START tests/processors/test_common.py
âœ… tests/state/test_sqlite_async_bridge.py (1.54s) â€” PASS
â–¶ï¸ [423/572] START tests/processors/test_repair.py
âœ… tests/processors/test_repair.py (1.34s) â€” PASS
â–¶ï¸ [424/572] START tests/architecture/test_module_isolation.py
âœ… tests/architecture/test_module_isolation.py (0.89s) â€” PASS
â–¶ï¸ [425/572] START tests/architecture/test_srp_compliance.py
âœ… tests/architecture/test_srp_compliance.py (0.89s) â€” PASS
â–¶ï¸ [426/572] START tests/architecture/test_policy_frame_signatures.py
âœ… tests/architecture/test_policy_frame_signatures.py (0.88s) â€” PASS
â–¶ï¸ [427/572] START tests/architecture/test_srp_semantic_analysis.py
âœ… tests/architecture/test_srp_semantic_analysis.py (0.88s) â€” PASS
â–¶ï¸ [428/572] START tests/architecture/test_type_safety_compliance.py
âœ… tests/architecture/test_type_safety_compliance.py (0.86s) â€” PASS
â–¶ï¸ [429/572] START tests/architecture/test_remediation_guardrails.py
âœ… tests/architecture/test_remediation_guardrails.py (0.88s) â€” PASS
â–¶ï¸ [430/572] START tests/architecture/test_architecture_compliance.py
âœ… tests/architecture/test_architecture_compliance.py (0.89s) â€” PASS
â–¶ï¸ [431/572] START tests/architecture/test_ci_configuration.py
âœ… tests/architecture/test_ci_configuration.py (0.89s) â€” PASS
â–¶ï¸ [432/572] START tests/architect/test_architect_plan_rejection_flow.py
âœ… tests/architect/test_architect_plan_rejection_flow.py (0.87s) â€” PASS
â–¶ï¸ [433/572] START tests/architect/test_architect_state_machine_integration.py
âœ… tests/architect/test_architect_state_machine_integration.py (0.88s) â€” PASS
â–¶ï¸ [434/572] START tests/architect/test_architect_comprehensive.py
âœ… tests/processors/test_common.py (10.59s) â€” PASS
â–¶ï¸ [435/572] START tests/architect/test_architect_fallback_functionality.py
âœ… tests/architect/test_architect_comprehensive.py (0.95s) â€” PASS
â–¶ï¸ [436/572] START tests/architect/test_architect_basic_functionality.py
âœ… tests/architect/test_architect_fallback_functionality.py (1.00s) â€” PASS
â–¶ï¸ [437/572] START tests/architect/test_architect_happy_path_flow.py
âœ… tests/architect/test_architect_basic_functionality.py (0.92s) â€” PASS
â–¶ï¸ [438/572] START tests/architect/test_architect_validation_repair_loop.py
âœ… tests/architect/test_architect_happy_path_flow.py (0.91s) â€” PASS
â–¶ï¸ [439/572] START tests/golden_traces/test_trace_capturing_hook.py
âœ… tests/architect/test_architect_validation_repair_loop.py (0.93s) â€” PASS
â–¶ï¸ [440/572] START tests/golden_traces/test_golden_traces.py
âœ… tests/golden_traces/test_trace_capturing_hook.py (1.30s) â€” PASS
â–¶ï¸ [441/572] START tests/golden_traces/test_golden_pipeline.py
âœ… tests/golden_traces/test_golden_traces.py (1.57s) â€” PASS
â–¶ï¸ [442/572] START tests/application/test_runner_outcomes_failure.py
âœ… tests/golden_traces/test_golden_pipeline.py (1.52s) â€” PASS
â–¶ï¸ [443/572] START tests/application/test_runner.py
âœ… tests/application/test_runner_outcomes_failure.py (1.47s) â€” PASS
â–¶ï¸ [444/572] START tests/regression/test_conditional_step_regression.py
âœ… tests/application/test_runner.py (3.49s) â€” PASS
â–¶ï¸ [445/572] START tests/regression/test_state_machine_imports_regression.py
âœ… tests/regression/test_state_machine_imports_regression.py (0.87s) â€” PASS
â–¶ï¸ [446/572] START tests/regression/test_legacy_cleanup_impact.py
âœ… tests/regression/test_conditional_step_regression.py (4.52s) â€” PASS
â–¶ï¸ [447/572] START tests/regression/test_hitl_step_migration_regression.py
âŒ tests/regression/test_legacy_cleanup_impact.py (2.54s) â€” FAIL
   ğŸ’¡ FAILED tests/regression/test_legacy_cleanup_impact.py::TestMigrationCompleteness::test_legacy_function_deprecation - AttributeError: 'ExecutorCore' object has no attribute 'execute_step'
!!!!!!!!!!!!!!!!!!!!!!!!!! stopping after 1 failures !!!!!!!!!!!!!!!!!!!!!!!!!!!
â–¶ï¸ [448/572] START tests/regression/test_input_adaptation.py
âœ… tests/regression/test_input_adaptation.py (1.78s) â€” PASS
â–¶ï¸ [449/572] START tests/regression/test_template_resolution_regression.py
âœ… tests/regression/test_hitl_step_migration_regression.py (3.74s) â€” PASS
â–¶ï¸ [450/572] START tests/regression/test_skills_autoload_loader.py
âœ… tests/regression/test_template_resolution_regression.py (1.84s) â€” PASS
â–¶ï¸ [451/572] START tests/e2e/test_e2e_pipelines.py
âœ… tests/regression/test_skills_autoload_loader.py (1.52s) â€” PASS
â–¶ï¸ [452/572] START tests/e2e/test_e2e_self_improvement.py
âœ… tests/e2e/test_e2e_pipelines.py (1.49s) â€” PASS
â–¶ï¸ [453/572] START tests/e2e/test_golden_transcript.py
âœ… tests/e2e/test_e2e_self_improvement.py (1.55s) â€” PASS
â–¶ï¸ [454/572] START tests/e2e/test_realistic_code_review_pipeline.py
âœ… tests/e2e/test_golden_transcript.py (0.99s) â€” PASS
â–¶ï¸ [455/572] START tests/e2e/test_golden_transcript_agentic_loop.py
âœ… tests/e2e/test_golden_transcript_agentic_loop.py (1.73s) â€” PASS
â–¶ï¸ [456/572] START tests/e2e/test_golden_transcript_dynamic_parallel.py
âœ… tests/e2e/test_realistic_code_review_pipeline.py (2.56s) â€” PASS
â–¶ï¸ [457/572] START tests/e2e/test_golden_transcript_core.py
âœ… tests/e2e/test_golden_transcript_core.py (1.79s) â€” PASS
â–¶ï¸ [458/572] START tests/e2e/test_golden_transcript_refine.py
âœ… tests/e2e/test_golden_transcript_dynamic_parallel.py (2.14s) â€” PASS
â–¶ï¸ [459/572] START tests/domain/test_models.py
âœ… tests/e2e/test_golden_transcript_refine.py (2.20s) â€” PASS
â–¶ï¸ [460/572] START tests/domain/test_context_mixins.py
âœ… tests/domain/test_models.py (2.40s) â€” PASS
â–¶ï¸ [461/572] START tests/domain/dsl/test_pipeline_validation_va5_templated_input.py
âœ… tests/domain/test_context_mixins.py (1.56s) â€” PASS
â–¶ï¸ [462/572] START tests/domain/dsl/test_pipeline_validation_yaml_strict.py
âœ… tests/domain/dsl/test_pipeline_validation_va5_templated_input.py (1.84s) â€” PASS
â–¶ï¸ [463/572] START tests/domain/dsl/test_pipeline_validation_linter.py
âœ… tests/domain/dsl/test_pipeline_validation_yaml_strict.py (1.58s) â€” PASS
â–¶ï¸ [464/572] START tests/domain/dsl/test_pipeline.py
âœ… tests/domain/dsl/test_pipeline.py (2.07s) â€” PASS
â–¶ï¸ [465/572] START tests/application/core/test_executor_core_loop_step_migration.py
âœ… tests/domain/dsl/test_pipeline_validation_linter.py (9.05s) â€” PASS
â–¶ï¸ [466/572] START tests/application/core/test_execution_dispatcher_frame_adapter.py
âœ… tests/application/core/test_execution_dispatcher_frame_adapter.py (1.51s) â€” PASS
â–¶ï¸ [467/572] START tests/application/core/test_executor_core.py
âœ… tests/application/core/test_executor_core_loop_step_migration.py (8.16s) â€” PASS
â–¶ï¸ [468/572] START tests/application/core/test_policy_registry.py
âœ… tests/application/core/test_executor_core.py (1.74s) â€” PASS
â–¶ï¸ [469/572] START tests/application/core/test_executor_di.py
âœ… tests/application/core/test_policy_registry.py (2.36s) â€” PASS
â–¶ï¸ [470/572] START tests/application/core/test_executor_core_fallback_edgecases.py
âœ… tests/application/core/test_executor_di.py (2.01s) â€” PASS
â–¶ï¸ [471/572] START tests/application/core/test_execution_manager_state_handling.py
âœ… tests/application/core/test_executor_core_fallback_edgecases.py (0.92s) â€” PASS
â–¶ï¸ [472/572] START tests/application/core/test_executor_core_conditional_step_dispatch.py
âœ… tests/application/core/test_execution_manager_state_handling.py (0.96s) â€” PASS
â–¶ï¸ [473/572] START tests/application/core/test_executor_core_conditional_step_logic.py
âœ… tests/application/core/test_executor_core_conditional_step_dispatch.py (2.56s) â€” PASS
â–¶ï¸ [474/572] START tests/application/core/test_step_result_pool.py
âœ… tests/application/core/test_step_result_pool.py (1.76s) â€” PASS
â–¶ï¸ [475/572] START tests/application/core/test_typed_context_enforcement.py
âœ… tests/application/core/test_executor_core_conditional_step_logic.py (5.89s) â€” PASS
â–¶ï¸ [476/572] START tests/application/core/test_executor_core_loop_step.py
âœ… tests/application/core/test_typed_context_enforcement.py (2.93s) â€” PASS
â–¶ï¸ [477/572] START tests/application/core/test_step_logic_accounting.py
âŒ tests/application/core/test_step_logic_accounting.py (1.46s) â€” FAIL
   ğŸ’¡ FAILED tests/application/core/test_step_logic_accounting.py::test_failed_primary_step_preserves_metrics - AttributeError: 'ExecutorCore' object has no attribute 'execute_step'
!!!!!!!!!!!!!!!!!!!!!!!!!! stopping after 1 failures !!!!!!!!!!!!!!!!!!!!!!!!!!!
â–¶ï¸ [478/572] START tests/application/core/test_executor_core_loop_step_dispatch.py
âœ… tests/application/core/test_executor_core_loop_step_dispatch.py (1.98s) â€” PASS
â–¶ï¸ [479/572] START tests/application/core/test_step_policies.py
âœ… tests/application/core/test_executor_core_loop_step.py (4.00s) â€” PASS
â–¶ï¸ [480/572] START tests/application/core/test_executor_core_fallback.py
âŒ tests/application/core/test_executor_core_fallback.py (1.44s) â€” FAIL
   ğŸ’¡ FAILED tests/application/core/test_executor_core_fallback.py::TestExecutorCoreFallback::test_fallback_not_triggered_on_primary_success - AttributeError: 'ExecutorCore' object has no attribute '_execute_simple_step'. Did you mean: '_execute_complex_step'?
!!!!!!!!!!!!!!!!!!!!!!!!!! stopping after 1 failures !!!!!!!!!!!!!!!!!!!!!!!!!!!
â–¶ï¸ [481/572] START tests/application/core/test_executor_core_execute_loop.py
âœ… tests/application/core/test_step_policies.py (2.69s) â€” PASS
â–¶ï¸ [482/572] START tests/application/core/test_executor_core_chokepoint.py
âœ… tests/application/core/test_executor_core_execute_loop.py (2.05s) â€” PASS
â–¶ï¸ [483/572] START tests/application/core/test_executor_core_hitl_step_migration.py
âœ… tests/application/core/test_executor_core_chokepoint.py (1.51s) â€” PASS
â–¶ï¸ [484/572] START tests/application/core/test_executor_core_conditional_step.py
âœ… tests/application/core/test_executor_core_conditional_step.py (4.05s) â€” PASS
â–¶ï¸ [485/572] START tests/application/core/test_executor_core_fallback_core.py
âŒ tests/application/core/test_executor_core_fallback_core.py (1.71s) â€” FAIL
   ğŸ’¡ FAILED tests/application/core/test_executor_core_fallback_core.py::TestExecutorCoreFallback::test_fallback_triggered_on_primary_failure - KeyError: 'fallback_triggered'
!!!!!!!!!!!!!!!!!!!!!!!!!! stopping after 1 failures !!!!!!!!!!!!!!!!!!!!!!!!!!!
â–¶ï¸ [486/572] START tests/integration/aros/test_factory_gpt5_profile.py
âœ… tests/application/core/test_executor_core_hitl_step_migration.py (7.11s) â€” PASS
â–¶ï¸ [487/572] START tests/integration/aros/test_trace_grammar_applied_integration.py
âœ… tests/integration/aros/test_factory_gpt5_profile.py (0.93s) â€” PASS
â–¶ï¸ [488/572] START tests/integration/aros/test_policy_gpt4o_mini.py
âœ… tests/integration/aros/test_policy_gpt4o_mini.py (0.90s) â€” PASS
â–¶ï¸ [489/572] START tests/integration/state_machine/test_state_machine_transitions_integration.py
âœ… tests/integration/aros/test_trace_grammar_applied_integration.py (1.46s) â€” PASS
â–¶ï¸ [490/572] START tests/integration/architect/test_architect_security_validation.py
âœ… tests/integration/state_machine/test_state_machine_transitions_integration.py (0.91s) â€” PASS
â–¶ï¸ [491/572] START tests/integration/architect/test_architect_regression_fixes.py
âœ… tests/integration/architect/test_architect_security_validation.py (1.00s) â€” PASS
â–¶ï¸ [492/572] START tests/integration/architect/test_architect_validation_repair.py
âœ… tests/integration/architect/test_architect_regression_fixes.py (1.01s) â€” PASS
â–¶ï¸ [493/572] START tests/integration/architect/test_agentic_end_to_end.py
âœ… tests/integration/architect/test_architect_validation_repair.py (0.94s) â€” PASS
â–¶ï¸ [494/572] START tests/integration/architect/test_architect_happy_path.py
âœ… tests/integration/architect/test_agentic_end_to_end.py (0.98s) â€” PASS
â–¶ï¸ [495/572] START tests/integration/architect/test_architect_edge_cases.py
âœ… tests/integration/architect/test_architect_happy_path.py (0.99s) â€” PASS
â–¶ï¸ [496/572] START tests/integration/architect/test_architect_performance_stress.py
âœ… tests/integration/architect/test_architect_edge_cases.py (1.01s) â€” PASS
â–¶ï¸ [497/572] START tests/integration/architect/test_architect_plan_approval_hitl.py
âœ… tests/integration/architect/test_architect_performance_stress.py (1.02s) â€” PASS
â–¶ï¸ [498/572] START tests/integration/architect/test_architect_plan_rejection.py
âœ… tests/integration/architect/test_architect_plan_approval_hitl.py (0.99s) â€” PASS
â–¶ï¸ [499/572] START tests/integration/client/test_task_client_lifecycle.py
âœ… tests/integration/architect/test_architect_plan_rejection.py (0.97s) â€” PASS
â–¶ï¸ [500/572] START tests/integration/client/test_pagination.py
âŒ tests/integration/client/test_pagination.py (2.73s) â€” FAIL
   ğŸ’¡ FAILED tests/integration/client/test_pagination.py::test_postgres_dependency_guard_missing_asyncpg - AttributeError: 'module' object at flujo.cli.config has no attribute 'get_settings'
!!!!!!!!!!!!!!!!!!!!!!!!!! stopping after 1 failures !!!!!!!!!!!!!!!!!!!!!!!!!!!
â–¶ï¸ [501/572] START tests/unit/tracing/test_resume_span_closure.py
âœ… tests/integration/client/test_task_client_lifecycle.py (3.59s) â€” PASS
â–¶ï¸ [502/572] START tests/unit/tracing/test_trace_manager_post_run_state.py
âœ… tests/unit/tracing/test_resume_span_closure.py (1.32s) â€” PASS
â–¶ï¸ [503/572] START tests/unit/infra/test_console_tracer_paused.py
âœ… tests/unit/tracing/test_trace_manager_post_run_state.py (1.32s) â€” PASS
â–¶ï¸ [504/572] START tests/unit/blueprints/test_loop_state_sugar.py
âœ… tests/unit/infra/test_console_tracer_paused.py (1.33s) â€” PASS
â–¶ï¸ [505/572] START tests/unit/blueprints/test_agentic_loop_sugar.py
âœ… tests/unit/blueprints/test_loop_state_sugar.py (1.33s) â€” PASS
â–¶ï¸ [506/572] START tests/unit/blueprints/test_agentic_loop_output_template.py
âœ… tests/unit/blueprints/test_agentic_loop_sugar.py (1.50s) â€” PASS
â–¶ï¸ [507/572] START tests/unit/blueprints/test_condition_error_messages.py
âœ… tests/unit/blueprints/test_agentic_loop_output_template.py (1.50s) â€” PASS
â–¶ï¸ [508/572] START tests/unit/blueprints/test_template_resolution.py
âœ… tests/unit/blueprints/test_condition_error_messages.py (1.56s) â€” PASS
â–¶ï¸ [509/572] START tests/unit/blueprints/test_expression_sandbox.py
âœ… tests/unit/blueprints/test_template_resolution.py (2.35s) â€” PASS
â–¶ï¸ [510/572] START tests/unit/blueprints/test_expression_conditions.py
âœ… tests/unit/blueprints/test_expression_sandbox.py (2.36s) â€” PASS
â–¶ï¸ [511/572] START tests/unit/blueprints/test_loop_state_target_resolution.py
âœ… tests/unit/blueprints/test_expression_conditions.py (1.54s) â€” PASS
â–¶ï¸ [512/572] START tests/unit/blueprints/test_conditional_bool_branches.py
âœ… tests/unit/blueprints/test_conditional_bool_branches.py (1.26s) â€” PASS
â–¶ï¸ [513/572] START tests/unit/prompting/test_filters_allowlist.py
âœ… tests/unit/blueprints/test_loop_state_target_resolution.py (2.64s) â€” PASS
â–¶ï¸ [514/572] START tests/unit/prompting/test_filters.py
âœ… tests/unit/prompting/test_filters_allowlist.py (1.28s) â€” PASS
â–¶ï¸ [515/572] START tests/unit/aros/test_smart_coercion_anyof.py
âœ… tests/unit/aros/test_smart_coercion_anyof.py (1.23s) â€” PASS
â–¶ï¸ [516/572] START tests/unit/aros/test_reasoning_precheck.py
âœ… tests/unit/prompting/test_filters.py (2.93s) â€” PASS
â–¶ï¸ [517/572] START tests/unit/aros/test_reasoning_precheck_max_tokens.py
âœ… tests/unit/aros/test_reasoning_precheck.py (1.53s) â€” PASS
â–¶ï¸ [518/572] START tests/unit/aros/test_tracing_aggregation.py
âœ… tests/unit/aros/test_reasoning_precheck_max_tokens.py (1.53s) â€” PASS
â–¶ï¸ [519/572] START tests/unit/aros/test_cli_health_check_export.py
âœ… tests/unit/aros/test_tracing_aggregation.py (1.45s) â€” PASS
â–¶ï¸ [520/572] START tests/unit/aros/test_enum_and_stage0.py
âœ… tests/unit/aros/test_enum_and_stage0.py (2.07s) â€” PASS
â–¶ï¸ [521/572] START tests/unit/aros/test_wrapper_structured_output.py
âœ… tests/unit/aros/test_cli_health_check_export.py (2.20s) â€” PASS
â–¶ï¸ [522/572] START tests/unit/aros/test_smart_coercion.py
âœ… tests/unit/aros/test_wrapper_structured_output.py (2.18s) â€” PASS
â–¶ï¸ [523/572] START tests/unit/aros/test_wrapper_unexpected_behavior.py
âœ… tests/unit/aros/test_wrapper_unexpected_behavior.py (1.29s) â€” PASS
â–¶ï¸ [524/572] START tests/unit/aros/test_structured_finalize_normalization.py
âœ… tests/unit/aros/test_smart_coercion.py (5.04s) â€” PASS
â–¶ï¸ [525/572] START tests/unit/aros/test_schema_derivation.py
âœ… tests/unit/aros/test_structured_finalize_normalization.py (1.64s) â€” PASS
â–¶ï¸ [526/572] START tests/unit/aros/test_wrapper_kwargs_response_format.py
âœ… tests/unit/aros/test_wrapper_kwargs_response_format.py (1.30s) â€” PASS
â–¶ï¸ [527/572] START tests/unit/aros/test_processing_config_validation.py
âœ… tests/unit/aros/test_schema_derivation.py (1.60s) â€” PASS
â–¶ï¸ [528/572] START tests/unit/aros/test_runner_completion_gate.py
âœ… tests/unit/aros/test_runner_completion_gate.py (1.46s) â€” PASS
â–¶ï¸ [529/572] START tests/unit/aros/test_cli_health_check_trend_stage_specific.py
âœ… tests/unit/aros/test_processing_config_validation.py (2.15s) â€” PASS
â–¶ï¸ [530/572] START tests/unit/as_step/test_context_merge.py
âœ… tests/unit/aros/test_cli_health_check_trend_stage_specific.py (1.39s) â€” PASS
â–¶ï¸ [531/572] START tests/unit/utils/test_excluded_fields.py
âœ… tests/unit/as_step/test_context_merge.py (2.04s) â€” PASS
â–¶ï¸ [532/572] START tests/unit/utils/test_context_utils.py
âœ… tests/unit/utils/test_excluded_fields.py (2.25s) â€” PASS
â–¶ï¸ [533/572] START tests/unit/cli/test_validate_rules_overrides.py
âœ… tests/unit/utils/test_context_utils.py (2.16s) â€” PASS
â–¶ï¸ [534/572] START tests/unit/cli/test_validate_baseline.py
âœ… tests/unit/cli/test_validate_rules_overrides.py (1.31s) â€” PASS
â–¶ï¸ [535/572] START tests/unit/cli/test_validate_telemetry_counts.py
âœ… tests/unit/cli/test_validate_baseline.py (1.72s) â€” PASS
â–¶ï¸ [536/572] START tests/unit/cli/test_openapi_agent_generator.py
âœ… tests/unit/cli/test_validate_telemetry_counts.py (1.42s) â€” PASS
â–¶ï¸ [537/572] START tests/unit/cli/test_fix_va8.py
âœ… tests/unit/cli/test_fix_va8.py (1.74s) â€” PASS
â–¶ï¸ [538/572] START tests/unit/cli/test_validate_fail_on_warn.py
âœ… tests/unit/cli/test_openapi_agent_generator.py (2.00s) â€” PASS
â–¶ï¸ [539/572] START tests/unit/builtins/test_builtins_adapters.py
âœ… tests/unit/cli/test_validate_fail_on_warn.py (1.73s) â€” PASS
â–¶ï¸ [540/572] START tests/unit/builtins/test_transforms.py
âœ… tests/unit/builtins/test_transforms.py (2.13s) â€” PASS
â–¶ï¸ [541/572] START tests/unit/architect/test_fallbacks.py
âœ… tests/unit/builtins/test_builtins_adapters.py (4.03s) â€” PASS
â–¶ï¸ [542/572] START tests/unit/architect/test_builtins_analyze_project.py
âœ… tests/unit/architect/test_fallbacks.py (1.54s) â€” PASS
â–¶ï¸ [543/572] START tests/unit/architect/test_yaml_writer_and_finalize.py
âœ… tests/unit/architect/test_builtins_analyze_project.py (1.86s) â€” PASS
â–¶ï¸ [544/572] START tests/unit/architect/test_tool_matcher_resilience.py
âœ… tests/unit/architect/test_yaml_writer_and_finalize.py (1.65s) â€” PASS
â–¶ï¸ [545/572] START tests/unit/architect/test_builtins_visualize_plan.py
âœ… tests/unit/architect/test_tool_matcher_resilience.py (1.66s) â€” PASS
â–¶ï¸ [546/572] START tests/unit/architect/test_builtins_run_pipeline_in_memory.py
âœ… tests/unit/architect/test_builtins_visualize_plan.py (1.65s) â€” PASS
â–¶ï¸ [547/572] START tests/unit/architect/test_builtins_estimate_plan_cost.py
âœ… tests/unit/architect/test_builtins_run_pipeline_in_memory.py (1.60s) â€” PASS
â–¶ï¸ [548/572] START tests/unit/architect/test_planner_agent_toggle.py
âœ… tests/unit/architect/test_builtins_estimate_plan_cost.py (1.30s) â€” PASS
â–¶ï¸ [549/572] START tests/unit/application/test_runner_shutdown.py
âœ… tests/unit/architect/test_planner_agent_toggle.py (1.30s) â€” PASS
â–¶ï¸ [550/572] START tests/unit/application/test_executor_backend_factories.py
âœ… tests/unit/application/test_runner_shutdown.py (2.53s) â€” PASS
â–¶ï¸ [551/572] START tests/unit/dsl/test_step_io_keys.py
âœ… tests/unit/application/test_executor_backend_factories.py (1.97s) â€” PASS
â–¶ï¸ [552/572] START tests/unit/dsl/test_state_machine_transitions_parse.py
âœ… tests/unit/dsl/test_state_machine_transitions_parse.py (2.31s) â€” PASS
â–¶ï¸ [553/572] START tests/unit/blueprint/test_loader_pipeline_name.py
âœ… tests/unit/blueprint/test_loader_pipeline_name.py (1.31s) â€” PASS
â–¶ï¸ [554/572] START tests/unit/domain/validation/test_rules_schema_missing.py
âœ… tests/unit/dsl/test_step_io_keys.py (4.38s) â€” PASS
â–¶ï¸ [555/572] START tests/unit/domain/validation/test_validation_suppressions.py
âœ… tests/unit/domain/validation/test_rules_schema_missing.py (2.04s) â€” PASS
â–¶ï¸ [556/572] START tests/unit/domain/validation/test_v_cf1_infinite_loop.py
âœ… tests/unit/domain/validation/test_validation_suppressions.py (1.90s) â€” PASS
â–¶ï¸ [557/572] START tests/unit/domain/validation/test_import_source_file.py
âœ… tests/unit/domain/validation/test_v_cf1_infinite_loop.py (1.78s) â€” PASS
â–¶ï¸ [558/572] START tests/unit/domain/validation/test_rules_context_missing.py
âœ… tests/unit/domain/validation/test_import_source_file.py (1.50s) â€” PASS
â–¶ï¸ [559/572] START tests/unit/domain/validation/test_comment_suppress_and_file.py
âœ… tests/unit/domain/validation/test_comment_suppress_and_file.py (1.49s) â€” PASS
â–¶ï¸ [560/572] START tests/unit/domain/validation/test_rules_exception_linter.py
âœ… tests/unit/domain/validation/test_rules_context_missing.py (2.01s) â€” PASS
â–¶ï¸ [561/572] START tests/unit/domain/validation/test_rules_context_isolation.py
âœ… tests/unit/domain/validation/test_rules_exception_linter.py (3.73s) â€” PASS
â–¶ï¸ [562/572] START tests/unit/domain/validation/test_rules_templates_missing.py
âœ… tests/unit/domain/validation/test_rules_context_isolation.py (3.74s) â€” PASS
â–¶ï¸ [563/572] START tests/unit/domain/validation/test_rules_agents_missing.py
âœ… tests/unit/domain/validation/test_rules_templates_missing.py (1.67s) â€” PASS
â–¶ï¸ [564/572] START tests/unit/domain/validation/test_rules_imports_missing.py
âœ… tests/unit/domain/validation/test_rules_agents_missing.py (2.20s) â€” PASS
â–¶ï¸ [565/572] START tests/unit/domain/validation/test_rules_orchestration_missing.py
âœ… tests/unit/domain/validation/test_rules_imports_missing.py (2.01s) â€” PASS
â–¶ï¸ [566/572] START tests/unit/domain/validation/test_validation_new_features.py
âœ… tests/unit/domain/validation/test_rules_orchestration_missing.py (1.70s) â€” PASS
â–¶ï¸ [567/572] START tests/unit/domain/validation/test_skills_for_vex1.py
âœ… tests/unit/domain/validation/test_skills_for_vex1.py (1.20s) â€” PASS
â–¶ï¸ [568/572] START tests/unit/domain/validation/test_yaml_loc_indexing.py
âœ… tests/unit/domain/validation/test_yaml_loc_indexing.py (1.83s) â€” PASS
â–¶ï¸ [569/572] START tests/unit/architect/states/test_planning_state.py
âœ… tests/unit/domain/validation/test_validation_new_features.py (3.55s) â€” PASS
â–¶ï¸ [570/572] START tests/unit/architect/states/test_plan_approval_state.py
âœ… tests/unit/architect/states/test_planning_state.py (1.60s) â€” PASS
â–¶ï¸ [571/572] START tests/unit/architect/states/test_validation_state.py
âœ… tests/unit/architect/states/test_plan_approval_state.py (1.59s) â€” PASS
â–¶ï¸ [572/572] START tests/unit/architect/states/test_refinement_state.py
âœ… tests/unit/architect/states/test_validation_state.py (1.46s) â€” PASS
âœ… tests/unit/architect/states/test_refinement_state.py (1.46s) â€” PASS

â”€â”€â”€â”€ Summary â”€â”€â”€â”€
PASS       : 561
FAIL       : 11

ğŸ“‹ Detailed log : output/controlled_test_run_20251218_143258.log
ğŸš¨ Failure summary: output/failure_summary_20251218_143258.txt
ğŸ—‚ï¸  JSON results  : output/results_20251218_143258.json

âš ï¸  Tests completed with issues (exit code: 2)
âŒ Some tests failed. Run 'make test-fast-verbose' for detailed output.
make: *** [test-fast] Error 1
